nohup: 忽略输入
INFO:root:start with arguments Namespace(batch_size=128, benchmark=0, bottle_neck=1, data_nthreads=4, data_train='/data3/dataset/CIFAR100_MXNet/train.rec', data_val='/data3/dataset/CIFAR100_MXNet/test.rec', deform=0, dilpat='', disp_batches=20, dtype='float32', expansion=0.25, gpus='4,5,6,7', image_shape='3,28,28', irv2=False, kv_store='device', lastout=8, load_epoch=None, lr=0.05, lr_factor=0.1, lr_step_epochs='150,240', max_random_aspect_ratio=0, max_random_h=36, max_random_l=50, max_random_rotate_angle=0, max_random_s=50, max_random_scale=1, max_random_shear_ratio=0, min_random_scale=1, model_prefix=None, mom=0.9, monitor=0, network='irnext', num_classes=100, num_epochs=400, num_examples=50000, num_group=128, num_layers=29, optimizer='sgd', outfeature=3072, pad_size=4, random_crop=1, random_mirror=1, rgb_mean='123.68,116.779,103.939', test_io=0, top_k=5, wd=0.0005)
[21:16:50] src/io/iter_image_recordio_2.cc:135: ImageRecordIOParser2: /data3/dataset/CIFAR100_MXNet/train.rec, use 4 threads for decoding..
[21:16:50] src/io/iter_image_recordio_2.cc:135: ImageRecordIOParser2: /data3/dataset/CIFAR100_MXNet/test.rec, use 4 threads for decoding..
[21:16:52] src/operator/././cudnn_algoreg-inl.h:65: Running performance tests to find the best convolution algorithm, this can take a while... (setting env variable MXNET_CUDNN_AUTOTUNE_DEFAULT to 0 to disable)
INFO:root:Epoch[0] Batch [20]	Speed: 220.24 samples/sec	accuracy=0.010417	top_k_accuracy_5=0.057292
INFO:root:Epoch[0] Batch [40]	Speed: 224.39 samples/sec	accuracy=0.009375	top_k_accuracy_5=0.048047
INFO:root:Epoch[0] Batch [60]	Speed: 223.27 samples/sec	accuracy=0.012109	top_k_accuracy_5=0.057031
INFO:root:Epoch[0] Batch [80]	Speed: 227.06 samples/sec	accuracy=0.007422	top_k_accuracy_5=0.048828
INFO:root:Epoch[0] Batch [100]	Speed: 226.83 samples/sec	accuracy=0.012500	top_k_accuracy_5=0.064453
INFO:root:Epoch[0] Batch [120]	Speed: 224.10 samples/sec	accuracy=0.019141	top_k_accuracy_5=0.080469
INFO:root:Epoch[0] Batch [140]	Speed: 220.48 samples/sec	accuracy=0.015234	top_k_accuracy_5=0.083594
INFO:root:Epoch[0] Batch [160]	Speed: 225.29 samples/sec	accuracy=0.021484	top_k_accuracy_5=0.094922
INFO:root:Epoch[0] Batch [180]	Speed: 223.48 samples/sec	accuracy=0.024609	top_k_accuracy_5=0.100781
INFO:root:Epoch[0] Batch [200]	Speed: 225.87 samples/sec	accuracy=0.024219	top_k_accuracy_5=0.114062
INFO:root:Epoch[0] Batch [220]	Speed: 225.39 samples/sec	accuracy=0.034766	top_k_accuracy_5=0.123828
INFO:root:Epoch[0] Batch [240]	Speed: 225.00 samples/sec	accuracy=0.029297	top_k_accuracy_5=0.126953
INFO:root:Epoch[0] Batch [260]	Speed: 224.67 samples/sec	accuracy=0.034375	top_k_accuracy_5=0.143359
INFO:root:Epoch[0] Batch [280]	Speed: 227.14 samples/sec	accuracy=0.038281	top_k_accuracy_5=0.132812
INFO:root:Epoch[0] Batch [300]	Speed: 226.49 samples/sec	accuracy=0.034375	top_k_accuracy_5=0.146094
INFO:root:Epoch[0] Batch [320]	Speed: 220.58 samples/sec	accuracy=0.033594	top_k_accuracy_5=0.146875
INFO:root:Epoch[0] Batch [340]	Speed: 226.39 samples/sec	accuracy=0.044531	top_k_accuracy_5=0.160938
INFO:root:Epoch[0] Batch [360]	Speed: 225.50 samples/sec	accuracy=0.042188	top_k_accuracy_5=0.171484
INFO:root:Epoch[0] Batch [380]	Speed: 225.63 samples/sec	accuracy=0.044531	top_k_accuracy_5=0.164453
INFO:root:Epoch[0] Train-accuracy=0.044531
INFO:root:Epoch[0] Train-top_k_accuracy_5=0.163281
INFO:root:Epoch[0] Time cost=245.917
INFO:root:Epoch[0] Validation-accuracy=0.058544
INFO:root:Epoch[0] Validation-top_k_accuracy_5=0.223695
INFO:root:Epoch[1] Batch [20]	Speed: 227.28 samples/sec	accuracy=0.045759	top_k_accuracy_5=0.183780
INFO:root:Epoch[1] Batch [40]	Speed: 225.27 samples/sec	accuracy=0.042578	top_k_accuracy_5=0.176172
INFO:root:Epoch[1] Batch [60]	Speed: 223.33 samples/sec	accuracy=0.053516	top_k_accuracy_5=0.178516
INFO:root:Epoch[1] Batch [80]	Speed: 226.47 samples/sec	accuracy=0.058203	top_k_accuracy_5=0.195312
INFO:root:Epoch[1] Batch [100]	Speed: 221.50 samples/sec	accuracy=0.056250	top_k_accuracy_5=0.196484
INFO:root:Epoch[1] Batch [120]	Speed: 223.98 samples/sec	accuracy=0.055859	top_k_accuracy_5=0.204297
INFO:root:Epoch[1] Batch [140]	Speed: 224.03 samples/sec	accuracy=0.055859	top_k_accuracy_5=0.207813
INFO:root:Epoch[1] Batch [160]	Speed: 223.63 samples/sec	accuracy=0.050781	top_k_accuracy_5=0.205469
INFO:root:Epoch[1] Batch [180]	Speed: 226.78 samples/sec	accuracy=0.055469	top_k_accuracy_5=0.201172
INFO:root:Epoch[1] Batch [200]	Speed: 223.98 samples/sec	accuracy=0.061328	top_k_accuracy_5=0.200781
INFO:root:Epoch[1] Batch [220]	Speed: 222.90 samples/sec	accuracy=0.059766	top_k_accuracy_5=0.211328
INFO:root:Epoch[1] Batch [240]	Speed: 224.31 samples/sec	accuracy=0.060156	top_k_accuracy_5=0.214844
INFO:root:Epoch[1] Batch [260]	Speed: 224.66 samples/sec	accuracy=0.064062	top_k_accuracy_5=0.216406
INFO:root:Epoch[1] Batch [280]	Speed: 222.11 samples/sec	accuracy=0.063672	top_k_accuracy_5=0.223438
INFO:root:Epoch[1] Batch [300]	Speed: 223.46 samples/sec	accuracy=0.067578	top_k_accuracy_5=0.218359
INFO:root:Epoch[1] Batch [320]	Speed: 218.87 samples/sec	accuracy=0.055078	top_k_accuracy_5=0.220312
INFO:root:Epoch[1] Batch [340]	Speed: 224.78 samples/sec	accuracy=0.067578	top_k_accuracy_5=0.230078
INFO:root:Epoch[1] Batch [360]	Speed: 227.85 samples/sec	accuracy=0.064453	top_k_accuracy_5=0.239453
INFO:root:Epoch[1] Batch [380]	Speed: 222.70 samples/sec	accuracy=0.073438	top_k_accuracy_5=0.238672
INFO:root:Epoch[1] Train-accuracy=0.064844
INFO:root:Epoch[1] Train-top_k_accuracy_5=0.222656
INFO:root:Epoch[1] Time cost=222.921
INFO:root:Epoch[1] Validation-accuracy=0.096154
INFO:root:Epoch[1] Validation-top_k_accuracy_5=0.300581
INFO:root:Epoch[2] Batch [20]	Speed: 224.25 samples/sec	accuracy=0.069568	top_k_accuracy_5=0.237351
INFO:root:Epoch[2] Batch [40]	Speed: 225.56 samples/sec	accuracy=0.070312	top_k_accuracy_5=0.233984
INFO:root:Epoch[2] Batch [60]	Speed: 225.08 samples/sec	accuracy=0.077344	top_k_accuracy_5=0.255859
INFO:root:Epoch[2] Batch [80]	Speed: 222.89 samples/sec	accuracy=0.077344	top_k_accuracy_5=0.244531
INFO:root:Epoch[2] Batch [100]	Speed: 223.01 samples/sec	accuracy=0.078906	top_k_accuracy_5=0.259375
INFO:root:Epoch[2] Batch [120]	Speed: 219.39 samples/sec	accuracy=0.080078	top_k_accuracy_5=0.255078
INFO:root:Epoch[2] Batch [140]	Speed: 222.97 samples/sec	accuracy=0.074609	top_k_accuracy_5=0.252344
INFO:root:Epoch[2] Batch [160]	Speed: 224.95 samples/sec	accuracy=0.079687	top_k_accuracy_5=0.275781
INFO:root:Epoch[2] Batch [180]	Speed: 224.81 samples/sec	accuracy=0.082812	top_k_accuracy_5=0.256250
INFO:root:Epoch[2] Batch [200]	Speed: 222.47 samples/sec	accuracy=0.079687	top_k_accuracy_5=0.269141
INFO:root:Epoch[2] Batch [220]	Speed: 223.77 samples/sec	accuracy=0.076953	top_k_accuracy_5=0.266016
INFO:root:Epoch[2] Batch [240]	Speed: 223.79 samples/sec	accuracy=0.083594	top_k_accuracy_5=0.269531
INFO:root:Epoch[2] Batch [260]	Speed: 226.41 samples/sec	accuracy=0.077734	top_k_accuracy_5=0.266406
INFO:root:Epoch[2] Batch [280]	Speed: 225.56 samples/sec	accuracy=0.081641	top_k_accuracy_5=0.284766
INFO:root:Epoch[2] Batch [300]	Speed: 222.52 samples/sec	accuracy=0.082422	top_k_accuracy_5=0.272656
INFO:root:Epoch[2] Batch [320]	Speed: 221.87 samples/sec	accuracy=0.087109	top_k_accuracy_5=0.278516
INFO:root:Epoch[2] Batch [340]	Speed: 214.49 samples/sec	accuracy=0.079297	top_k_accuracy_5=0.278516
INFO:root:Epoch[2] Batch [360]	Speed: 223.28 samples/sec	accuracy=0.103906	top_k_accuracy_5=0.291406
INFO:root:Epoch[2] Batch [380]	Speed: 225.04 samples/sec	accuracy=0.092969	top_k_accuracy_5=0.289844
INFO:root:Epoch[2] Train-accuracy=0.095486
INFO:root:Epoch[2] Train-top_k_accuracy_5=0.293403
INFO:root:Epoch[2] Time cost=223.162
INFO:root:Epoch[2] Validation-accuracy=0.128706
INFO:root:Epoch[2] Validation-top_k_accuracy_5=0.361478
INFO:root:Epoch[3] Batch [20]	Speed: 224.63 samples/sec	accuracy=0.097842	top_k_accuracy_5=0.298363
INFO:root:Epoch[3] Batch [40]	Speed: 225.30 samples/sec	accuracy=0.100781	top_k_accuracy_5=0.291797
INFO:root:Epoch[3] Batch [60]	Speed: 221.87 samples/sec	accuracy=0.099219	top_k_accuracy_5=0.292187
INFO:root:Epoch[3] Batch [80]	Speed: 225.46 samples/sec	accuracy=0.105859	top_k_accuracy_5=0.306250
INFO:root:Epoch[3] Batch [100]	Speed: 226.30 samples/sec	accuracy=0.110547	top_k_accuracy_5=0.317578
INFO:root:Epoch[3] Batch [120]	Speed: 224.31 samples/sec	accuracy=0.105078	top_k_accuracy_5=0.302734
INFO:root:Epoch[3] Batch [140]	Speed: 222.93 samples/sec	accuracy=0.108203	top_k_accuracy_5=0.310937
INFO:root:Epoch[3] Batch [160]	Speed: 225.30 samples/sec	accuracy=0.103516	top_k_accuracy_5=0.314844
INFO:root:Epoch[3] Batch [180]	Speed: 225.33 samples/sec	accuracy=0.107422	top_k_accuracy_5=0.313281
INFO:root:Epoch[3] Batch [200]	Speed: 223.98 samples/sec	accuracy=0.108594	top_k_accuracy_5=0.305078
INFO:root:Epoch[3] Batch [220]	Speed: 221.39 samples/sec	accuracy=0.104297	top_k_accuracy_5=0.299219
INFO:root:Epoch[3] Batch [240]	Speed: 225.27 samples/sec	accuracy=0.106250	top_k_accuracy_5=0.311719
INFO:root:Epoch[3] Batch [260]	Speed: 222.55 samples/sec	accuracy=0.105859	top_k_accuracy_5=0.313281
INFO:root:Epoch[3] Batch [280]	Speed: 224.11 samples/sec	accuracy=0.108594	top_k_accuracy_5=0.315625
INFO:root:Epoch[3] Batch [300]	Speed: 227.17 samples/sec	accuracy=0.104297	top_k_accuracy_5=0.314063
INFO:root:Epoch[3] Batch [320]	Speed: 224.37 samples/sec	accuracy=0.097266	top_k_accuracy_5=0.307422
INFO:root:Epoch[3] Batch [340]	Speed: 219.02 samples/sec	accuracy=0.116797	top_k_accuracy_5=0.338281
INFO:root:Epoch[3] Batch [360]	Speed: 226.04 samples/sec	accuracy=0.123438	top_k_accuracy_5=0.333594
INFO:root:Epoch[3] Batch [380]	Speed: 230.61 samples/sec	accuracy=0.123828	top_k_accuracy_5=0.335547
INFO:root:Epoch[3] Train-accuracy=0.128906
INFO:root:Epoch[3] Train-top_k_accuracy_5=0.335156
INFO:root:Epoch[3] Time cost=222.415
INFO:root:Epoch[3] Validation-accuracy=0.164463
INFO:root:Epoch[3] Validation-top_k_accuracy_5=0.415365
INFO:root:Epoch[4] Batch [20]	Speed: 222.28 samples/sec	accuracy=0.111979	top_k_accuracy_5=0.329241
INFO:root:Epoch[4] Batch [40]	Speed: 224.56 samples/sec	accuracy=0.112500	top_k_accuracy_5=0.330859
INFO:root:Epoch[4] Batch [60]	Speed: 225.69 samples/sec	accuracy=0.123047	top_k_accuracy_5=0.337109
INFO:root:Epoch[4] Batch [80]	Speed: 221.59 samples/sec	accuracy=0.122656	top_k_accuracy_5=0.339844
INFO:root:Epoch[4] Batch [100]	Speed: 223.33 samples/sec	accuracy=0.116016	top_k_accuracy_5=0.336719
INFO:root:Epoch[4] Batch [120]	Speed: 226.71 samples/sec	accuracy=0.125781	top_k_accuracy_5=0.363281
INFO:root:Epoch[4] Batch [140]	Speed: 225.92 samples/sec	accuracy=0.132812	top_k_accuracy_5=0.353906
INFO:root:Epoch[4] Batch [160]	Speed: 222.78 samples/sec	accuracy=0.127344	top_k_accuracy_5=0.340234
INFO:root:Epoch[4] Batch [180]	Speed: 221.26 samples/sec	accuracy=0.128516	top_k_accuracy_5=0.361328
INFO:root:Epoch[4] Batch [200]	Speed: 220.99 samples/sec	accuracy=0.130859	top_k_accuracy_5=0.355078
INFO:root:Epoch[4] Batch [220]	Speed: 225.20 samples/sec	accuracy=0.125000	top_k_accuracy_5=0.345703
INFO:root:Epoch[4] Batch [240]	Speed: 223.59 samples/sec	accuracy=0.133594	top_k_accuracy_5=0.348047
INFO:root:Epoch[4] Batch [260]	Speed: 225.45 samples/sec	accuracy=0.144531	top_k_accuracy_5=0.375000
INFO:root:Epoch[4] Batch [280]	Speed: 224.35 samples/sec	accuracy=0.119531	top_k_accuracy_5=0.353906
INFO:root:Epoch[4] Batch [300]	Speed: 227.27 samples/sec	accuracy=0.125391	top_k_accuracy_5=0.366797
INFO:root:Epoch[4] Batch [320]	Speed: 225.33 samples/sec	accuracy=0.135547	top_k_accuracy_5=0.364453
INFO:root:Epoch[4] Batch [340]	Speed: 222.36 samples/sec	accuracy=0.137891	top_k_accuracy_5=0.376953
INFO:root:Epoch[4] Batch [360]	Speed: 219.75 samples/sec	accuracy=0.128516	top_k_accuracy_5=0.353906
INFO:root:Epoch[4] Batch [380]	Speed: 220.48 samples/sec	accuracy=0.141797	top_k_accuracy_5=0.373828
INFO:root:Epoch[4] Train-accuracy=0.134375
INFO:root:Epoch[4] Train-top_k_accuracy_5=0.346094
INFO:root:Epoch[4] Time cost=223.562
INFO:root:Epoch[4] Validation-accuracy=0.188401
INFO:root:Epoch[4] Validation-top_k_accuracy_5=0.446414
INFO:root:Epoch[5] Batch [20]	Speed: 226.80 samples/sec	accuracy=0.117932	top_k_accuracy_5=0.359003
INFO:root:Epoch[5] Batch [40]	Speed: 224.46 samples/sec	accuracy=0.132812	top_k_accuracy_5=0.358203
INFO:root:Epoch[5] Batch [60]	Speed: 221.71 samples/sec	accuracy=0.149219	top_k_accuracy_5=0.373437
INFO:root:Epoch[5] Batch [80]	Speed: 220.74 samples/sec	accuracy=0.147656	top_k_accuracy_5=0.397266
INFO:root:Epoch[5] Batch [100]	Speed: 222.35 samples/sec	accuracy=0.147656	top_k_accuracy_5=0.396094
INFO:root:Epoch[5] Batch [120]	Speed: 222.01 samples/sec	accuracy=0.139844	top_k_accuracy_5=0.380469
INFO:root:Epoch[5] Batch [140]	Speed: 225.24 samples/sec	accuracy=0.155078	top_k_accuracy_5=0.376563
INFO:root:Epoch[5] Batch [160]	Speed: 225.84 samples/sec	accuracy=0.146484	top_k_accuracy_5=0.387500
INFO:root:Epoch[5] Batch [180]	Speed: 224.93 samples/sec	accuracy=0.152734	top_k_accuracy_5=0.381250
INFO:root:Epoch[5] Batch [200]	Speed: 224.99 samples/sec	accuracy=0.150781	top_k_accuracy_5=0.386719
INFO:root:Epoch[5] Batch [220]	Speed: 224.87 samples/sec	accuracy=0.141016	top_k_accuracy_5=0.375781
INFO:root:Epoch[5] Batch [240]	Speed: 222.90 samples/sec	accuracy=0.146094	top_k_accuracy_5=0.389453
INFO:root:Epoch[5] Batch [260]	Speed: 224.76 samples/sec	accuracy=0.151172	top_k_accuracy_5=0.396094
INFO:root:Epoch[5] Batch [280]	Speed: 223.47 samples/sec	accuracy=0.149219	top_k_accuracy_5=0.399609
INFO:root:Epoch[5] Batch [300]	Speed: 225.12 samples/sec	accuracy=0.162109	top_k_accuracy_5=0.405469
INFO:root:Epoch[5] Batch [320]	Speed: 223.37 samples/sec	accuracy=0.140625	top_k_accuracy_5=0.389062
INFO:root:Epoch[5] Batch [340]	Speed: 224.41 samples/sec	accuracy=0.165625	top_k_accuracy_5=0.414062
INFO:root:Epoch[5] Batch [360]	Speed: 223.39 samples/sec	accuracy=0.154688	top_k_accuracy_5=0.392188
INFO:root:Epoch[5] Batch [380]	Speed: 225.63 samples/sec	accuracy=0.163281	top_k_accuracy_5=0.419141
INFO:root:Epoch[5] Train-accuracy=0.151042
INFO:root:Epoch[5] Train-top_k_accuracy_5=0.392361
INFO:root:Epoch[5] Time cost=222.319
INFO:root:Epoch[5] Validation-accuracy=0.212039
INFO:root:Epoch[5] Validation-top_k_accuracy_5=0.476562
INFO:root:Epoch[6] Batch [20]	Speed: 224.04 samples/sec	accuracy=0.161458	top_k_accuracy_5=0.408854
INFO:root:Epoch[6] Batch [40]	Speed: 224.02 samples/sec	accuracy=0.155078	top_k_accuracy_5=0.408984
INFO:root:Epoch[6] Batch [60]	Speed: 224.58 samples/sec	accuracy=0.162891	top_k_accuracy_5=0.418750
INFO:root:Epoch[6] Batch [80]	Speed: 222.57 samples/sec	accuracy=0.163281	top_k_accuracy_5=0.415234
INFO:root:Epoch[6] Batch [100]	Speed: 225.89 samples/sec	accuracy=0.162500	top_k_accuracy_5=0.426172
