nohup: 忽略输入
INFO:root:Namespace(batch_size=16, bottle_neck=1, cutoff=1024, deeplabversion=3, deform=1, dilpat='DEEPLAB.EXP', dtype='float32', expansion=4, gpus='0,1,2,3,4,5,6,7', irv2=False, model='DeeplabV3-ResNeXt-152L64X1D4XP', model_dir='/data1/deepinsight/carvn_deeplab_model', network='irnext', num_classes=2, num_group=1, num_layers=38, outfeature=2048, retrain=True, seg_stride_mode='8x', sqex=1, taskmode='SEG')
[14:41:48] src/operator/././cudnn_algoreg-inl.h:112: Running performance tests to find the best convolution algorithm, this can take a while... (setting env variable MXNET_CUDNN_AUTOTUNE_DEFAULT to 0 to disable)
[14:41:52] src/operator/convolution.cu:119: This convolution is not supported by cudnn, MXNET convolution is applied.
[14:41:52] src/operator/convolution.cu:119: This convolution is not supported by cudnn, MXNET convolution is applied.
[14:41:52] src/operator/convolution.cu:119: This convolution is not supported by cudnn, MXNET convolution is applied.
[14:41:55] src/operator/convolution.cu:119: This convolution is not supported by cudnn, MXNET convolution is applied.
[14:41:55] src/operator/convolution.cu:119: This convolution is not supported by cudnn, MXNET convolution is applied.
[14:41:55] src/operator/convolution.cu:119: This convolution is not supported by cudnn, MXNET convolution is applied.
[14:41:57] src/operator/convolution.cu:119: This convolution is not supported by cudnn, MXNET convolution is applied.
[14:41:57] src/operator/convolution.cu:119: This convolution is not supported by cudnn, MXNET convolution is applied.
[14:41:57] src/operator/convolution.cu:119: This convolution is not supported by cudnn, MXNET convolution is applied.
[14:41:57] src/operator/convolution.cu:119: This convolution is not supported by cudnn, MXNET convolution is applied.
[14:41:57] src/operator/convolution.cu:119: This convolution is not supported by cudnn, MXNET convolution is applied.
[14:41:57] src/operator/convolution.cu:119: This convolution is not supported by cudnn, MXNET convolution is applied.
[14:41:59] src/operator/convolution.cu:119: This convolution is not supported by cudnn, MXNET convolution is applied.
[14:41:59] src/operator/convolution.cu:119: This convolution is not supported by cudnn, MXNET convolution is applied.
[14:41:59] src/operator/convolution.cu:119: This convolution is not supported by cudnn, MXNET convolution is applied.
[14:41:59] src/operator/convolution.cu:119: This convolution is not supported by cudnn, MXNET convolution is applied.
[14:41:59] src/operator/convolution.cu:119: This convolution is not supported by cudnn, MXNET convolution is applied.
[14:41:59] src/operator/convolution.cu:119: This convolution is not supported by cudnn, MXNET convolution is applied.
[14:42:00] src/operator/convolution.cu:119: This convolution is not supported by cudnn, MXNET convolution is applied.
[14:42:00] src/operator/convolution.cu:119: This convolution is not supported by cudnn, MXNET convolution is applied.
[14:42:00] src/operator/convolution.cu:119: This convolution is not supported by cudnn, MXNET convolution is applied.
[14:42:00] src/operator/convolution.cu:119: This convolution is not supported by cudnn, MXNET convolution is applied.
[14:42:00] src/operator/convolution.cu:119: This convolution is not supported by cudnn, MXNET convolution is applied.
[14:42:00] src/operator/convolution.cu:119: This convolution is not supported by cudnn, MXNET convolution is applied.
[14:42:03] src/operator/convolution.cu:119: This convolution is not supported by cudnn, MXNET convolution is applied.
[14:42:03] src/operator/convolution.cu:119: This convolution is not supported by cudnn, MXNET convolution is applied.
[14:42:03] src/operator/convolution.cu:119: This convolution is not supported by cudnn, MXNET convolution is applied.
[14:42:03] src/operator/convolution.cu:119: This convolution is not supported by cudnn, MXNET convolution is applied.
[14:42:03] src/operator/convolution.cu:119: This convolution is not supported by cudnn, MXNET convolution is applied.
[14:42:03] src/operator/convolution.cu:119: This convolution is not supported by cudnn, MXNET convolution is applied.
[14:42:05] src/operator/convolution.cu:119: This convolution is not supported by cudnn, MXNET convolution is applied.
[14:42:05] src/operator/convolution.cu:119: This convolution is not supported by cudnn, MXNET convolution is applied.
[14:42:05] src/operator/convolution.cu:119: This convolution is not supported by cudnn, MXNET convolution is applied.
[14:42:05] src/operator/convolution.cu:119: This convolution is not supported by cudnn, MXNET convolution is applied.
[14:42:05] src/operator/convolution.cu:119: This convolution is not supported by cudnn, MXNET convolution is applied.
[14:42:05] src/operator/convolution.cu:119: This convolution is not supported by cudnn, MXNET convolution is applied.
[14:42:07] src/operator/convolution.cu:119: This convolution is not supported by cudnn, MXNET convolution is applied.
[14:42:07] src/operator/convolution.cu:119: This convolution is not supported by cudnn, MXNET convolution is applied.
[14:42:07] src/operator/convolution.cu:119: This convolution is not supported by cudnn, MXNET convolution is applied.
[14:42:07] src/operator/convolution.cu:119: This convolution is not supported by cudnn, MXNET convolution is applied.
[14:42:07] src/operator/convolution.cu:119: This convolution is not supported by cudnn, MXNET convolution is applied.
[14:42:07] src/operator/convolution.cu:119: This convolution is not supported by cudnn, MXNET convolution is applied.
[14:42:09] src/operator/convolution.cu:119: This convolution is not supported by cudnn, MXNET convolution is applied.
[14:42:09] src/operator/convolution.cu:119: This convolution is not supported by cudnn, MXNET convolution is applied.
[14:42:09] src/operator/convolution.cu:119: This convolution is not supported by cudnn, MXNET convolution is applied.
[14:42:09] src/operator/convolution.cu:119: This convolution is not supported by cudnn, MXNET convolution is applied.
[14:42:09] src/operator/convolution.cu:119: This convolution is not supported by cudnn, MXNET convolution is applied.
[14:42:09] src/operator/convolution.cu:119: This convolution is not supported by cudnn, MXNET convolution is applied.
INFO:root:Epoch[0] Batch [20]	Speed: 1.58 samples/sec	dice-coef=0.996714
INFO:root:Epoch[0] Batch [40]	Speed: 1.58 samples/sec	dice-coef=0.997021
INFO:root:Epoch[0] Batch [60]	Speed: 1.58 samples/sec	dice-coef=0.996860
INFO:root:Epoch[0] Batch [80]	Speed: 1.60 samples/sec	dice-coef=0.997070
INFO:root:Epoch[0] Batch [100]	Speed: 1.56 samples/sec	dice-coef=0.996966
INFO:root:Epoch[0] Batch [120]	Speed: 1.58 samples/sec	dice-coef=0.997109
INFO:root:Epoch[0] Batch [140]	Speed: 1.58 samples/sec	dice-coef=0.996866
INFO:root:Epoch[0] Batch [160]	Speed: 1.58 samples/sec	dice-coef=0.996912
INFO:root:Epoch[0] Batch [180]	Speed: 1.58 samples/sec	dice-coef=0.997019
INFO:root:Epoch[0] Batch [200]	Speed: 1.58 samples/sec	dice-coef=0.996937
INFO:root:Epoch[0] Batch [220]	Speed: 1.58 samples/sec	dice-coef=0.997030
INFO:root:Epoch[0] Batch [240]	Speed: 1.58 samples/sec	dice-coef=0.997114
INFO:root:Epoch[0] Batch [260]	Speed: 1.58 samples/sec	dice-coef=0.996958
INFO:root:Epoch[0] Batch [280]	Speed: 1.58 samples/sec	dice-coef=0.996679
INFO:root:Epoch[0] Batch [300]	Speed: 1.58 samples/sec	dice-coef=0.997037
INFO:root:Epoch[0] Batch [320]	Speed: 1.58 samples/sec	dice-coef=0.997058
INFO:root:Epoch[0] Batch [340]	Speed: 1.58 samples/sec	dice-coef=0.997052
INFO:root:Epoch[0] Batch [360]	Speed: 1.58 samples/sec	dice-coef=0.997060
INFO:root:Epoch[0] Batch [380]	Speed: 1.58 samples/sec	dice-coef=0.996869
INFO:root:Epoch[0] Batch [400]	Speed: 1.58 samples/sec	dice-coef=0.997039
INFO:root:Epoch[0] Batch [420]	Speed: 1.58 samples/sec	dice-coef=0.996903
INFO:root:Epoch[0] Batch [440]	Speed: 1.58 samples/sec	dice-coef=0.996930
INFO:root:Epoch[0] Batch [460]	Speed: 1.58 samples/sec	dice-coef=0.996716
INFO:root:Epoch[0] Batch [480]	Speed: 1.58 samples/sec	dice-coef=0.996783
INFO:root:Epoch[0] Batch [500]	Speed: 1.58 samples/sec	dice-coef=0.996901
INFO:root:Epoch[0] Batch [520]	Speed: 1.58 samples/sec	dice-coef=0.996913
INFO:root:Epoch[0] Batch [540]	Speed: 1.58 samples/sec	dice-coef=0.997179
INFO:root:Epoch[0] Batch [560]	Speed: 1.58 samples/sec	dice-coef=0.997108
INFO:root:Epoch[0] Train-dice-coef=0.997009
INFO:root:Epoch[0] Time cost=2911.803
INFO:root:Saved checkpoint to "DeeplabV3-ResNeXt-152L64X1D4XP-0001.params"
INFO:root:Epoch[0] Validation-dice-coef=0.996296
INFO:root:Epoch[1] Batch [20]	Speed: 1.58 samples/sec	dice-coef=0.996913
INFO:root:Epoch[1] Batch [40]	Speed: 1.58 samples/sec	dice-coef=0.997208
INFO:root:Epoch[1] Batch [60]	Speed: 1.58 samples/sec	dice-coef=0.997082
INFO:root:Epoch[1] Batch [80]	Speed: 1.58 samples/sec	dice-coef=0.996966
INFO:root:Epoch[1] Batch [100]	Speed: 1.58 samples/sec	dice-coef=0.997101
INFO:root:Epoch[1] Batch [120]	Speed: 1.58 samples/sec	dice-coef=0.997043
INFO:root:Epoch[1] Batch [140]	Speed: 1.58 samples/sec	dice-coef=0.996902
INFO:root:Epoch[1] Batch [160]	Speed: 1.58 samples/sec	dice-coef=0.996979
INFO:root:Epoch[1] Batch [180]	Speed: 1.58 samples/sec	dice-coef=0.997174
INFO:root:Epoch[1] Batch [200]	Speed: 1.58 samples/sec	dice-coef=0.996999
INFO:root:Epoch[1] Batch [220]	Speed: 1.58 samples/sec	dice-coef=0.996958
INFO:root:Epoch[1] Batch [240]	Speed: 1.58 samples/sec	dice-coef=0.996863
INFO:root:Epoch[1] Batch [260]	Speed: 1.58 samples/sec	dice-coef=0.997075
INFO:root:Epoch[1] Batch [280]	Speed: 1.58 samples/sec	dice-coef=0.997051
INFO:root:Epoch[1] Batch [300]	Speed: 1.58 samples/sec	dice-coef=0.997119
INFO:root:Epoch[1] Batch [320]	Speed: 1.58 samples/sec	dice-coef=0.997099
INFO:root:Epoch[1] Batch [340]	Speed: 1.58 samples/sec	dice-coef=0.996923
INFO:root:Epoch[1] Batch [360]	Speed: 1.58 samples/sec	dice-coef=0.997007
INFO:root:Epoch[1] Batch [380]	Speed: 1.58 samples/sec	dice-coef=0.997033
INFO:root:Epoch[1] Batch [400]	Speed: 1.58 samples/sec	dice-coef=0.997016
INFO:root:Epoch[1] Batch [420]	Speed: 1.58 samples/sec	dice-coef=0.996931
INFO:root:Epoch[1] Batch [440]	Speed: 1.58 samples/sec	dice-coef=0.996956
INFO:root:Epoch[1] Batch [460]	Speed: 1.58 samples/sec	dice-coef=0.997053
INFO:root:Epoch[1] Batch [480]	Speed: 1.58 samples/sec	dice-coef=0.996947
INFO:root:Epoch[1] Batch [500]	Speed: 1.58 samples/sec	dice-coef=0.997044
INFO:root:Epoch[1] Batch [520]	Speed: 1.58 samples/sec	dice-coef=0.996983
INFO:root:Epoch[1] Batch [540]	Speed: 1.58 samples/sec	dice-coef=0.997030
INFO:root:Epoch[1] Batch [560]	Speed: 1.58 samples/sec	dice-coef=0.996940
INFO:root:Epoch[1] Train-dice-coef=0.996974
INFO:root:Epoch[1] Time cost=2910.892
INFO:root:Saved checkpoint to "DeeplabV3-ResNeXt-152L64X1D4XP-0002.params"
INFO:root:Epoch[1] Validation-dice-coef=0.996230
INFO:root:Epoch[2] Batch [20]	Speed: 1.58 samples/sec	dice-coef=0.997036
INFO:root:Epoch[2] Batch [40]	Speed: 1.58 samples/sec	dice-coef=0.997047
INFO:root:Epoch[2] Batch [60]	Speed: 1.58 samples/sec	dice-coef=0.997016
INFO:root:Epoch[2] Batch [80]	Speed: 1.58 samples/sec	dice-coef=0.997091
INFO:root:Epoch[2] Batch [100]	Speed: 1.58 samples/sec	dice-coef=0.997021
INFO:root:Epoch[2] Batch [120]	Speed: 1.58 samples/sec	dice-coef=0.996996
INFO:root:Epoch[2] Batch [140]	Speed: 1.58 samples/sec	dice-coef=0.997172
INFO:root:Epoch[2] Batch [160]	Speed: 1.58 samples/sec	dice-coef=0.997017
INFO:root:Epoch[2] Batch [180]	Speed: 1.58 samples/sec	dice-coef=0.996983
INFO:root:Epoch[2] Batch [200]	Speed: 1.58 samples/sec	dice-coef=0.996960
INFO:root:Epoch[2] Batch [220]	Speed: 1.58 samples/sec	dice-coef=0.997055
INFO:root:Epoch[2] Batch [240]	Speed: 1.58 samples/sec	dice-coef=0.997000
INFO:root:Epoch[2] Batch [260]	Speed: 1.58 samples/sec	dice-coef=0.997092
INFO:root:Epoch[2] Batch [280]	Speed: 1.58 samples/sec	dice-coef=0.997067
INFO:root:Epoch[2] Batch [300]	Speed: 1.58 samples/sec	dice-coef=0.996944
INFO:root:Epoch[2] Batch [320]	Speed: 1.58 samples/sec	dice-coef=0.997179
INFO:root:Epoch[2] Batch [340]	Speed: 1.58 samples/sec	dice-coef=0.997016
INFO:root:Epoch[2] Batch [360]	Speed: 1.58 samples/sec	dice-coef=0.997059
INFO:root:Epoch[2] Batch [380]	Speed: 1.58 samples/sec	dice-coef=0.996861
INFO:root:Epoch[2] Batch [400]	Speed: 1.58 samples/sec	dice-coef=0.997104
INFO:root:Epoch[2] Batch [420]	Speed: 1.58 samples/sec	dice-coef=0.997062
INFO:root:Epoch[2] Batch [440]	Speed: 1.58 samples/sec	dice-coef=0.996923
INFO:root:Epoch[2] Batch [460]	Speed: 1.58 samples/sec	dice-coef=0.996903
INFO:root:Epoch[2] Batch [480]	Speed: 1.58 samples/sec	dice-coef=0.996903
INFO:root:Epoch[2] Batch [500]	Speed: 1.58 samples/sec	dice-coef=0.996998
INFO:root:Epoch[2] Batch [520]	Speed: 1.58 samples/sec	dice-coef=0.996920
INFO:root:Epoch[2] Batch [540]	Speed: 1.58 samples/sec	dice-coef=0.996968
INFO:root:Epoch[2] Batch [560]	Speed: 1.58 samples/sec	dice-coef=0.996891
INFO:root:Epoch[2] Train-dice-coef=0.996875
INFO:root:Epoch[2] Time cost=2910.915
INFO:root:Saved checkpoint to "DeeplabV3-ResNeXt-152L64X1D4XP-0003.params"
INFO:root:Epoch[2] Validation-dice-coef=0.996195
INFO:root:Epoch[3] Batch [20]	Speed: 1.58 samples/sec	dice-coef=0.996953
INFO:root:Epoch[3] Batch [40]	Speed: 1.58 samples/sec	dice-coef=0.996861
INFO:root:Epoch[3] Batch [60]	Speed: 1.58 samples/sec	dice-coef=0.997025
INFO:root:Epoch[3] Batch [80]	Speed: 1.58 samples/sec	dice-coef=0.997061
INFO:root:Epoch[3] Batch [100]	Speed: 1.58 samples/sec	dice-coef=0.996850
INFO:root:Epoch[3] Batch [120]	Speed: 1.58 samples/sec	dice-coef=0.997071
INFO:root:Epoch[3] Batch [140]	Speed: 1.58 samples/sec	dice-coef=0.997046
INFO:root:Epoch[3] Batch [160]	Speed: 1.58 samples/sec	dice-coef=0.997135
INFO:root:Epoch[3] Batch [180]	Speed: 1.58 samples/sec	dice-coef=0.997008
INFO:root:Epoch[3] Batch [200]	Speed: 1.58 samples/sec	dice-coef=0.997089
INFO:root:Epoch[3] Batch [220]	Speed: 1.58 samples/sec	dice-coef=0.997004
INFO:root:Epoch[3] Batch [240]	Speed: 1.58 samples/sec	dice-coef=0.997054
INFO:root:Epoch[3] Batch [260]	Speed: 1.58 samples/sec	dice-coef=0.996980
INFO:root:Epoch[3] Batch [280]	Speed: 1.58 samples/sec	dice-coef=0.997158
INFO:root:Epoch[3] Batch [300]	Speed: 1.58 samples/sec	dice-coef=0.996960
INFO:root:Epoch[3] Batch [320]	Speed: 1.58 samples/sec	dice-coef=0.996914
INFO:root:Epoch[3] Batch [340]	Speed: 1.58 samples/sec	dice-coef=0.996982
INFO:root:Epoch[3] Batch [360]	Speed: 1.58 samples/sec	dice-coef=0.997007
INFO:root:Epoch[3] Batch [380]	Speed: 1.58 samples/sec	dice-coef=0.996970
INFO:root:Epoch[3] Batch [400]	Speed: 1.58 samples/sec	dice-coef=0.996867
INFO:root:Epoch[3] Batch [420]	Speed: 1.58 samples/sec	dice-coef=0.996866
INFO:root:Epoch[3] Batch [440]	Speed: 1.58 samples/sec	dice-coef=0.996994
INFO:root:Epoch[3] Batch [460]	Speed: 1.58 samples/sec	dice-coef=0.996967
INFO:root:Epoch[3] Batch [480]	Speed: 1.58 samples/sec	dice-coef=0.997101
INFO:root:Epoch[3] Batch [500]	Speed: 1.58 samples/sec	dice-coef=0.997138
INFO:root:Epoch[3] Batch [520]	Speed: 1.58 samples/sec	dice-coef=0.997083
INFO:root:Epoch[3] Batch [540]	Speed: 1.58 samples/sec	dice-coef=0.997087
INFO:root:Epoch[3] Batch [560]	Speed: 1.58 samples/sec	dice-coef=0.997042
INFO:root:Epoch[3] Train-dice-coef=0.997015
INFO:root:Epoch[3] Time cost=2910.996
INFO:root:Saved checkpoint to "DeeplabV3-ResNeXt-152L64X1D4XP-0004.params"
INFO:root:Epoch[3] Validation-dice-coef=0.996419
INFO:root:Epoch[4] Batch [20]	Speed: 1.58 samples/sec	dice-coef=0.997079
INFO:root:Epoch[4] Batch [40]	Speed: 1.58 samples/sec	dice-coef=0.997132
INFO:root:Epoch[4] Batch [60]	Speed: 1.58 samples/sec	dice-coef=0.997084
INFO:root:Epoch[4] Batch [80]	Speed: 1.58 samples/sec	dice-coef=0.997133
INFO:root:Epoch[4] Batch [100]	Speed: 1.58 samples/sec	dice-coef=0.997028
INFO:root:Epoch[4] Batch [120]	Speed: 1.58 samples/sec	dice-coef=0.996964
INFO:root:Epoch[4] Batch [140]	Speed: 1.58 samples/sec	dice-coef=0.997037
INFO:root:Epoch[4] Batch [160]	Speed: 1.58 samples/sec	dice-coef=0.997125
INFO:root:Epoch[4] Batch [180]	Speed: 1.58 samples/sec	dice-coef=0.997142
INFO:root:Epoch[4] Batch [200]	Speed: 1.58 samples/sec	dice-coef=0.996992
INFO:root:Epoch[4] Batch [220]	Speed: 1.58 samples/sec	dice-coef=0.997136
INFO:root:Epoch[4] Batch [240]	Speed: 1.58 samples/sec	dice-coef=0.996964
INFO:root:Epoch[4] Batch [260]	Speed: 1.58 samples/sec	dice-coef=0.997008
INFO:root:Epoch[4] Batch [280]	Speed: 1.58 samples/sec	dice-coef=0.997040
INFO:root:Epoch[4] Batch [300]	Speed: 1.58 samples/sec	dice-coef=0.996844
INFO:root:Epoch[4] Batch [320]	Speed: 1.58 samples/sec	dice-coef=0.996933
INFO:root:Epoch[4] Batch [340]	Speed: 1.58 samples/sec	dice-coef=0.997041
INFO:root:Epoch[4] Batch [360]	Speed: 1.58 samples/sec	dice-coef=0.997020
INFO:root:Epoch[4] Batch [380]	Speed: 1.58 samples/sec	dice-coef=0.997089
INFO:root:Epoch[4] Batch [400]	Speed: 1.58 samples/sec	dice-coef=0.997000
INFO:root:Epoch[4] Batch [420]	Speed: 1.58 samples/sec	dice-coef=0.997011
INFO:root:Epoch[4] Batch [440]	Speed: 1.58 samples/sec	dice-coef=0.997073
INFO:root:Epoch[4] Batch [460]	Speed: 1.58 samples/sec	dice-coef=0.996764
INFO:root:Epoch[4] Batch [480]	Speed: 1.58 samples/sec	dice-coef=0.997002
INFO:root:Epoch[4] Batch [500]	Speed: 1.58 samples/sec	dice-coef=0.996785
INFO:root:Epoch[4] Batch [520]	Speed: 1.58 samples/sec	dice-coef=0.996659
INFO:root:Epoch[4] Batch [540]	Speed: 1.58 samples/sec	dice-coef=0.996703
INFO:root:Epoch[4] Batch [560]	Speed: 1.58 samples/sec	dice-coef=0.996811
INFO:root:Epoch[4] Train-dice-coef=0.996955
INFO:root:Epoch[4] Time cost=2911.241
INFO:root:Saved checkpoint to "DeeplabV3-ResNeXt-152L64X1D4XP-0005.params"
INFO:root:Epoch[4] Validation-dice-coef=0.995897
INFO:root:Epoch[5] Batch [20]	Speed: 1.58 samples/sec	dice-coef=0.996942
INFO:root:Epoch[5] Batch [40]	Speed: 1.58 samples/sec	dice-coef=0.996514
INFO:root:Epoch[5] Batch [60]	Speed: 1.58 samples/sec	dice-coef=0.996874
INFO:root:Epoch[5] Batch [80]	Speed: 1.58 samples/sec	dice-coef=0.996962
INFO:root:Epoch[5] Batch [100]	Speed: 1.60 samples/sec	dice-coef=0.997094
INFO:root:Epoch[5] Batch [120]	Speed: 1.56 samples/sec	dice-coef=0.996914
INFO:root:Epoch[5] Batch [140]	Speed: 1.58 samples/sec	dice-coef=0.997048
INFO:root:Epoch[5] Batch [160]	Speed: 1.58 samples/sec	dice-coef=0.996949
INFO:root:Epoch[5] Batch [180]	Speed: 1.58 samples/sec	dice-coef=0.997061
INFO:root:Epoch[5] Batch [200]	Speed: 1.58 samples/sec	dice-coef=0.997058
INFO:root:Epoch[5] Batch [220]	Speed: 1.58 samples/sec	dice-coef=0.997054
INFO:root:Epoch[5] Batch [240]	Speed: 1.58 samples/sec	dice-coef=0.997009
INFO:root:Epoch[5] Batch [260]	Speed: 1.58 samples/sec	dice-coef=0.996968
INFO:root:Epoch[5] Batch [280]	Speed: 1.58 samples/sec	dice-coef=0.996858
INFO:root:Epoch[5] Batch [300]	Speed: 1.58 samples/sec	dice-coef=0.996963
INFO:root:Epoch[5] Batch [320]	Speed: 1.58 samples/sec	dice-coef=0.996747
INFO:root:Epoch[5] Batch [340]	Speed: 1.58 samples/sec	dice-coef=0.996845
INFO:root:Epoch[5] Batch [360]	Speed: 1.58 samples/sec	dice-coef=0.997008
INFO:root:Epoch[5] Batch [380]	Speed: 1.58 samples/sec	dice-coef=0.996933
INFO:root:Epoch[5] Batch [400]	Speed: 1.58 samples/sec	dice-coef=0.997182
INFO:root:Epoch[5] Batch [420]	Speed: 1.58 samples/sec	dice-coef=0.997054
INFO:root:Epoch[5] Batch [440]	Speed: 1.58 samples/sec	dice-coef=0.997005
INFO:root:Epoch[5] Batch [460]	Speed: 1.58 samples/sec	dice-coef=0.996997
INFO:root:Epoch[5] Batch [480]	Speed: 1.58 samples/sec	dice-coef=0.996933
INFO:root:Epoch[5] Batch [500]	Speed: 1.58 samples/sec	dice-coef=0.997120
INFO:root:Epoch[5] Batch [520]	Speed: 1.58 samples/sec	dice-coef=0.997248
INFO:root:Epoch[5] Batch [540]	Speed: 1.58 samples/sec	dice-coef=0.997104
INFO:root:Epoch[5] Batch [560]	Speed: 1.58 samples/sec	dice-coef=0.997068
INFO:root:Epoch[5] Train-dice-coef=0.997059
INFO:root:Epoch[5] Time cost=2911.048
INFO:root:Saved checkpoint to "DeeplabV3-ResNeXt-152L64X1D4XP-0006.params"
INFO:root:Epoch[5] Validation-dice-coef=0.996128
INFO:root:Epoch[6] Batch [20]	Speed: 1.58 samples/sec	dice-coef=0.997031
INFO:root:Epoch[6] Batch [40]	Speed: 1.60 samples/sec	dice-coef=0.997115
INFO:root:Epoch[6] Batch [60]	Speed: 1.56 samples/sec	dice-coef=0.997170
INFO:root:Epoch[6] Batch [80]	Speed: 1.60 samples/sec	dice-coef=0.997074
INFO:root:Epoch[6] Batch [100]	Speed: 1.56 samples/sec	dice-coef=0.997066
INFO:root:Epoch[6] Batch [120]	Speed: 1.58 samples/sec	dice-coef=0.997138
INFO:root:Epoch[6] Batch [140]	Speed: 1.58 samples/sec	dice-coef=0.997163
INFO:root:Epoch[6] Batch [160]	Speed: 1.58 samples/sec	dice-coef=0.996875
INFO:root:Epoch[6] Batch [180]	Speed: 1.58 samples/sec	dice-coef=0.996782
INFO:root:Epoch[6] Batch [200]	Speed: 1.58 samples/sec	dice-coef=0.997021
INFO:root:Epoch[6] Batch [220]	Speed: 1.58 samples/sec	dice-coef=0.996963
INFO:root:Epoch[6] Batch [240]	Speed: 1.58 samples/sec	dice-coef=0.996988
INFO:root:Epoch[6] Batch [260]	Speed: 1.58 samples/sec	dice-coef=0.996856
INFO:root:Epoch[6] Batch [280]	Speed: 1.58 samples/sec	dice-coef=0.996934
INFO:root:Epoch[6] Batch [300]	Speed: 1.58 samples/sec	dice-coef=0.996975
INFO:root:Epoch[6] Batch [320]	Speed: 1.58 samples/sec	dice-coef=0.997128
INFO:root:Epoch[6] Batch [340]	Speed: 1.58 samples/sec	dice-coef=0.997037
INFO:root:Epoch[6] Batch [360]	Speed: 1.58 samples/sec	dice-coef=0.996948
INFO:root:Epoch[6] Batch [380]	Speed: 1.58 samples/sec	dice-coef=0.997161
INFO:root:Epoch[6] Batch [400]	Speed: 1.58 samples/sec	dice-coef=0.997094
INFO:root:Epoch[6] Batch [420]	Speed: 1.58 samples/sec	dice-coef=0.996963
INFO:root:Epoch[6] Batch [440]	Speed: 1.58 samples/sec	dice-coef=0.996835
INFO:root:Epoch[6] Batch [460]	Speed: 1.58 samples/sec	dice-coef=0.996946
INFO:root:Epoch[6] Batch [480]	Speed: 1.58 samples/sec	dice-coef=0.996821
INFO:root:Epoch[6] Batch [500]	Speed: 1.58 samples/sec	dice-coef=0.997062
INFO:root:Epoch[6] Batch [520]	Speed: 1.58 samples/sec	dice-coef=0.996957
INFO:root:Epoch[6] Batch [540]	Speed: 1.58 samples/sec	dice-coef=0.997012
INFO:root:Epoch[6] Batch [560]	Speed: 1.58 samples/sec	dice-coef=0.997118
INFO:root:Epoch[6] Train-dice-coef=0.997021
INFO:root:Epoch[6] Time cost=2910.911
INFO:root:Saved checkpoint to "DeeplabV3-ResNeXt-152L64X1D4XP-0007.params"
INFO:root:Epoch[6] Validation-dice-coef=0.995661
INFO:root:Epoch[7] Batch [20]	Speed: 1.58 samples/sec	dice-coef=0.997117
INFO:root:Epoch[7] Batch [40]	Speed: 1.58 samples/sec	dice-coef=0.997050
INFO:root:Epoch[7] Batch [60]	Speed: 1.58 samples/sec	dice-coef=0.997046
INFO:root:Epoch[7] Batch [80]	Speed: 1.58 samples/sec	dice-coef=0.997007
INFO:root:Epoch[7] Batch [100]	Speed: 1.58 samples/sec	dice-coef=0.997136
INFO:root:Epoch[7] Batch [120]	Speed: 1.58 samples/sec	dice-coef=0.997008
INFO:root:Epoch[7] Batch [140]	Speed: 1.58 samples/sec	dice-coef=0.997149
INFO:root:Epoch[7] Batch [160]	Speed: 1.58 samples/sec	dice-coef=0.997086
INFO:root:Epoch[7] Batch [180]	Speed: 1.58 samples/sec	dice-coef=0.996351
INFO:root:Epoch[7] Batch [200]	Speed: 1.58 samples/sec	dice-coef=0.996175
INFO:root:Epoch[7] Batch [220]	Speed: 1.58 samples/sec	dice-coef=0.996569
INFO:root:Epoch[7] Batch [240]	Speed: 1.58 samples/sec	dice-coef=0.996932
INFO:root:Epoch[7] Batch [260]	Speed: 1.58 samples/sec	dice-coef=0.996772
INFO:root:Epoch[7] Batch [280]	Speed: 1.58 samples/sec	dice-coef=0.996666
INFO:root:Epoch[7] Batch [300]	Speed: 1.58 samples/sec	dice-coef=0.996959
INFO:root:Epoch[7] Batch [320]	Speed: 1.58 samples/sec	dice-coef=0.996590
INFO:root:Epoch[7] Batch [340]	Speed: 1.58 samples/sec	dice-coef=0.995866
INFO:root:Epoch[7] Batch [360]	Speed: 1.58 samples/sec	dice-coef=0.995959
INFO:root:Epoch[7] Batch [380]	Speed: 1.58 samples/sec	dice-coef=0.996560
INFO:root:Epoch[7] Batch [400]	Speed: 1.58 samples/sec	dice-coef=0.996784
INFO:root:Epoch[7] Batch [420]	Speed: 1.58 samples/sec	dice-coef=0.996881
INFO:root:Epoch[7] Batch [440]	Speed: 1.58 samples/sec	dice-coef=0.996877
INFO:root:Epoch[7] Batch [460]	Speed: 1.58 samples/sec	dice-coef=0.996831
INFO:root:Epoch[7] Batch [480]	Speed: 1.58 samples/sec	dice-coef=0.996961
INFO:root:Epoch[7] Batch [500]	Speed: 1.58 samples/sec	dice-coef=0.997102
INFO:root:Epoch[7] Batch [520]	Speed: 1.58 samples/sec	dice-coef=0.996976
INFO:root:Epoch[7] Batch [540]	Speed: 1.58 samples/sec	dice-coef=0.997069
INFO:root:Epoch[7] Batch [560]	Speed: 1.58 samples/sec	dice-coef=0.996795
INFO:root:Epoch[7] Train-dice-coef=0.996954
INFO:root:Epoch[7] Time cost=2911.109
INFO:root:Saved checkpoint to "DeeplabV3-ResNeXt-152L64X1D4XP-0008.params"
INFO:root:Epoch[7] Validation-dice-coef=0.996277
INFO:root:Epoch[8] Batch [20]	Speed: 1.58 samples/sec	dice-coef=0.997112
INFO:root:Epoch[8] Batch [40]	Speed: 1.58 samples/sec	dice-coef=0.997144
INFO:root:Epoch[8] Batch [60]	Speed: 1.58 samples/sec	dice-coef=0.996971
INFO:root:Epoch[8] Batch [80]	Speed: 1.58 samples/sec	dice-coef=0.997073
INFO:root:Epoch[8] Batch [100]	Speed: 1.58 samples/sec	dice-coef=0.996975
INFO:root:Epoch[8] Batch [120]	Speed: 1.58 samples/sec	dice-coef=0.997114
INFO:root:Epoch[8] Batch [140]	Speed: 1.58 samples/sec	dice-coef=0.997008
INFO:root:Epoch[8] Batch [160]	Speed: 1.58 samples/sec	dice-coef=0.997149
INFO:root:Epoch[8] Batch [180]	Speed: 1.58 samples/sec	dice-coef=0.997022
INFO:root:Epoch[8] Batch [200]	Speed: 1.58 samples/sec	dice-coef=0.996888
INFO:root:Epoch[8] Batch [220]	Speed: 1.58 samples/sec	dice-coef=0.996949
INFO:root:Epoch[8] Batch [240]	Speed: 1.58 samples/sec	dice-coef=0.996954
INFO:root:Epoch[8] Batch [260]	Speed: 1.58 samples/sec	dice-coef=0.997078
INFO:root:Epoch[8] Batch [280]	Speed: 1.58 samples/sec	dice-coef=0.997122
INFO:root:Epoch[8] Batch [300]	Speed: 1.58 samples/sec	dice-coef=0.996901
INFO:root:Epoch[8] Batch [320]	Speed: 1.58 samples/sec	dice-coef=0.996957
INFO:root:Epoch[8] Batch [340]	Speed: 1.58 samples/sec	dice-coef=0.997116
INFO:root:Epoch[8] Batch [360]	Speed: 1.58 samples/sec	dice-coef=0.997117
INFO:root:Epoch[8] Batch [380]	Speed: 1.58 samples/sec	dice-coef=0.996884
INFO:root:Epoch[8] Batch [400]	Speed: 1.58 samples/sec	dice-coef=0.996713
INFO:root:Epoch[8] Batch [420]	Speed: 1.58 samples/sec	dice-coef=0.996903
INFO:root:Epoch[8] Batch [440]	Speed: 1.58 samples/sec	dice-coef=0.996893
INFO:root:Epoch[8] Batch [460]	Speed: 1.58 samples/sec	dice-coef=0.996941
INFO:root:Epoch[8] Batch [480]	Speed: 1.58 samples/sec	dice-coef=0.996848
INFO:root:Epoch[8] Batch [500]	Speed: 1.58 samples/sec	dice-coef=0.996944
INFO:root:Epoch[8] Batch [520]	Speed: 1.58 samples/sec	dice-coef=0.996902
INFO:root:Epoch[8] Batch [540]	Speed: 1.58 samples/sec	dice-coef=0.996969
INFO:root:Epoch[8] Batch [560]	Speed: 1.58 samples/sec	dice-coef=0.997083
INFO:root:Epoch[8] Train-dice-coef=0.997069
INFO:root:Epoch[8] Time cost=2911.002
INFO:root:Saved checkpoint to "DeeplabV3-ResNeXt-152L64X1D4XP-0009.params"
INFO:root:Epoch[8] Validation-dice-coef=0.996092
INFO:root:Epoch[9] Batch [20]	Speed: 1.58 samples/sec	dice-coef=0.997113
INFO:root:Epoch[9] Batch [40]	Speed: 1.58 samples/sec	dice-coef=0.997066
INFO:root:Epoch[9] Batch [60]	Speed: 1.58 samples/sec	dice-coef=0.997044
INFO:root:Epoch[9] Batch [80]	Speed: 1.58 samples/sec	dice-coef=0.997091
INFO:root:Epoch[9] Batch [100]	Speed: 1.58 samples/sec	dice-coef=0.996975
INFO:root:Epoch[9] Batch [120]	Speed: 1.60 samples/sec	dice-coef=0.997034
INFO:root:Epoch[9] Batch [140]	Speed: 1.56 samples/sec	dice-coef=0.997086
INFO:root:Epoch[9] Batch [160]	Speed: 1.58 samples/sec	dice-coef=0.996889
INFO:root:Epoch[9] Batch [180]	Speed: 1.58 samples/sec	dice-coef=0.997051
INFO:root:Epoch[9] Batch [200]	Speed: 1.58 samples/sec	dice-coef=0.997064
INFO:root:Epoch[9] Batch [220]	Speed: 1.58 samples/sec	dice-coef=0.997000
INFO:root:Epoch[9] Batch [240]	Speed: 1.58 samples/sec	dice-coef=0.997074
INFO:root:Epoch[9] Batch [260]	Speed: 1.58 samples/sec	dice-coef=0.996622
INFO:root:Epoch[9] Batch [280]	Speed: 1.58 samples/sec	dice-coef=0.996795
INFO:root:Epoch[9] Batch [300]	Speed: 1.58 samples/sec	dice-coef=0.996930
INFO:root:Epoch[9] Batch [320]	Speed: 1.58 samples/sec	dice-coef=0.996960
INFO:root:Epoch[9] Batch [340]	Speed: 1.58 samples/sec	dice-coef=0.996868
INFO:root:Epoch[9] Batch [360]	Speed: 1.58 samples/sec	dice-coef=0.997206
INFO:root:Epoch[9] Batch [380]	Speed: 1.58 samples/sec	dice-coef=0.997163
INFO:root:Epoch[9] Batch [400]	Speed: 1.58 samples/sec	dice-coef=0.997029
INFO:root:Epoch[9] Batch [420]	Speed: 1.58 samples/sec	dice-coef=0.996957
INFO:root:Epoch[9] Batch [440]	Speed: 1.58 samples/sec	dice-coef=0.997019
INFO:root:Epoch[9] Batch [460]	Speed: 1.58 samples/sec	dice-coef=0.997026
INFO:root:Epoch[9] Batch [480]	Speed: 1.58 samples/sec	dice-coef=0.996899
INFO:root:Epoch[9] Batch [500]	Speed: 1.58 samples/sec	dice-coef=0.996866
INFO:root:Epoch[9] Batch [520]	Speed: 1.58 samples/sec	dice-coef=0.997066
INFO:root:Epoch[9] Batch [540]	Speed: 1.58 samples/sec	dice-coef=0.997029
INFO:root:Epoch[9] Batch [560]	Speed: 1.58 samples/sec	dice-coef=0.996995
INFO:root:Epoch[9] Train-dice-coef=0.996889
INFO:root:Epoch[9] Time cost=2910.812
INFO:root:Saved checkpoint to "DeeplabV3-ResNeXt-152L64X1D4XP-0010.params"
INFO:root:Epoch[9] Validation-dice-coef=0.996269
INFO:root:Epoch[10] Batch [20]	Speed: 1.58 samples/sec	dice-coef=0.997106
INFO:root:Epoch[10] Batch [40]	Speed: 1.58 samples/sec	dice-coef=0.997117
INFO:root:Epoch[10] Batch [60]	Speed: 1.58 samples/sec	dice-coef=0.997100
INFO:root:Epoch[10] Batch [80]	Speed: 1.58 samples/sec	dice-coef=0.997116
INFO:root:Epoch[10] Batch [100]	Speed: 1.58 samples/sec	dice-coef=0.997036
INFO:root:Epoch[10] Batch [120]	Speed: 1.58 samples/sec	dice-coef=0.997015
INFO:root:Epoch[10] Batch [140]	Speed: 1.58 samples/sec	dice-coef=0.997050
INFO:root:Epoch[10] Batch [160]	Speed: 1.58 samples/sec	dice-coef=0.997014
INFO:root:Epoch[10] Batch [180]	Speed: 1.58 samples/sec	dice-coef=0.996962
INFO:root:Epoch[10] Batch [200]	Speed: 1.58 samples/sec	dice-coef=0.996824
INFO:root:Epoch[10] Batch [220]	Speed: 1.58 samples/sec	dice-coef=0.996942
INFO:root:Epoch[10] Batch [240]	Speed: 1.58 samples/sec	dice-coef=0.996784
INFO:root:Epoch[10] Batch [260]	Speed: 1.58 samples/sec	dice-coef=0.996791
INFO:root:Epoch[10] Batch [280]	Speed: 1.58 samples/sec	dice-coef=0.996982
INFO:root:Epoch[10] Batch [300]	Speed: 1.58 samples/sec	dice-coef=0.996877
INFO:root:Epoch[10] Batch [320]	Speed: 1.58 samples/sec	dice-coef=0.997065
INFO:root:Epoch[10] Batch [340]	Speed: 1.58 samples/sec	dice-coef=0.996994
INFO:root:Epoch[10] Batch [360]	Speed: 1.58 samples/sec	dice-coef=0.997072
INFO:root:Epoch[10] Batch [380]	Speed: 1.58 samples/sec	dice-coef=0.996860
INFO:root:Epoch[10] Batch [400]	Speed: 1.58 samples/sec	dice-coef=0.996884
INFO:root:Epoch[10] Batch [420]	Speed: 1.58 samples/sec	dice-coef=0.997043
INFO:root:Epoch[10] Batch [440]	Speed: 1.58 samples/sec	dice-coef=0.996988
INFO:root:Epoch[10] Batch [460]	Speed: 1.58 samples/sec	dice-coef=0.996909
INFO:root:Epoch[10] Batch [480]	Speed: 1.58 samples/sec	dice-coef=0.994865
INFO:root:Epoch[10] Batch [500]	Speed: 1.58 samples/sec	dice-coef=0.994919
INFO:root:Epoch[10] Batch [520]	Speed: 1.58 samples/sec	dice-coef=0.996199
INFO:root:Epoch[10] Batch [540]	Speed: 1.58 samples/sec	dice-coef=0.996639
INFO:root:Epoch[10] Batch [560]	Speed: 1.58 samples/sec	dice-coef=0.996759
INFO:root:Epoch[10] Train-dice-coef=0.996362
INFO:root:Epoch[10] Time cost=2910.854
INFO:root:Saved checkpoint to "DeeplabV3-ResNeXt-152L64X1D4XP-0011.params"
INFO:root:Epoch[10] Validation-dice-coef=0.995162
INFO:root:Epoch[11] Batch [20]	Speed: 1.58 samples/sec	dice-coef=0.996713
INFO:root:Epoch[11] Batch [40]	Speed: 1.58 samples/sec	dice-coef=0.996669
INFO:root:Epoch[11] Batch [60]	Speed: 1.58 samples/sec	dice-coef=0.996758
INFO:root:Epoch[11] Batch [80]	Speed: 1.58 samples/sec	dice-coef=0.996835
INFO:root:Epoch[11] Batch [100]	Speed: 1.58 samples/sec	dice-coef=0.996971
INFO:root:Epoch[11] Batch [120]	Speed: 1.58 samples/sec	dice-coef=0.996766
INFO:root:Epoch[11] Batch [140]	Speed: 1.58 samples/sec	dice-coef=0.996902
INFO:root:Epoch[11] Batch [160]	Speed: 1.58 samples/sec	dice-coef=0.997018
INFO:root:Epoch[11] Batch [180]	Speed: 1.58 samples/sec	dice-coef=0.997023
INFO:root:Epoch[11] Batch [200]	Speed: 1.58 samples/sec	dice-coef=0.996835
INFO:root:Epoch[11] Batch [220]	Speed: 1.58 samples/sec	dice-coef=0.996833
INFO:root:Epoch[11] Batch [240]	Speed: 1.58 samples/sec	dice-coef=0.997010
INFO:root:Epoch[11] Batch [260]	Speed: 1.58 samples/sec	dice-coef=0.997021
INFO:root:Epoch[11] Batch [280]	Speed: 1.58 samples/sec	dice-coef=0.996993
INFO:root:Epoch[11] Batch [300]	Speed: 1.58 samples/sec	dice-coef=0.996906
INFO:root:Epoch[11] Batch [320]	Speed: 1.58 samples/sec	dice-coef=0.996842
INFO:root:Epoch[11] Batch [340]	Speed: 1.58 samples/sec	dice-coef=0.997073
INFO:root:Epoch[11] Batch [360]	Speed: 1.58 samples/sec	dice-coef=0.996990
INFO:root:Epoch[11] Batch [380]	Speed: 1.58 samples/sec	dice-coef=0.996932
INFO:root:Epoch[11] Batch [400]	Speed: 1.58 samples/sec	dice-coef=0.997071
INFO:root:Epoch[11] Batch [420]	Speed: 1.58 samples/sec	dice-coef=0.997041
INFO:root:Epoch[11] Batch [440]	Speed: 1.58 samples/sec	dice-coef=0.996965
INFO:root:Epoch[11] Batch [460]	Speed: 1.58 samples/sec	dice-coef=0.997014
INFO:root:Epoch[11] Batch [480]	Speed: 1.58 samples/sec	dice-coef=0.996942
INFO:root:Epoch[11] Batch [500]	Speed: 1.59 samples/sec	dice-coef=0.996754
INFO:root:Epoch[11] Batch [520]	Speed: 1.56 samples/sec	dice-coef=0.996760
INFO:root:Epoch[11] Batch [540]	Speed: 1.58 samples/sec	dice-coef=0.996995
INFO:root:Epoch[11] Batch [560]	Speed: 1.58 samples/sec	dice-coef=0.997074
INFO:root:Epoch[11] Train-dice-coef=0.996945
INFO:root:Epoch[11] Time cost=2911.625
INFO:root:Saved checkpoint to "DeeplabV3-ResNeXt-152L64X1D4XP-0012.params"
INFO:root:Epoch[11] Validation-dice-coef=0.996115
INFO:root:Epoch[12] Batch [20]	Speed: 1.58 samples/sec	dice-coef=0.997154
INFO:root:Epoch[12] Batch [40]	Speed: 1.58 samples/sec	dice-coef=0.997161
INFO:root:Epoch[12] Batch [60]	Speed: 1.58 samples/sec	dice-coef=0.996984
INFO:root:Epoch[12] Batch [80]	Speed: 1.58 samples/sec	dice-coef=0.996717
INFO:root:Epoch[12] Batch [100]	Speed: 1.58 samples/sec	dice-coef=0.996853
INFO:root:Epoch[12] Batch [120]	Speed: 1.58 samples/sec	dice-coef=0.996697
INFO:root:Epoch[12] Batch [140]	Speed: 1.58 samples/sec	dice-coef=0.996879
INFO:root:Epoch[12] Batch [160]	Speed: 1.58 samples/sec	dice-coef=0.996781
INFO:root:Epoch[12] Batch [180]	Speed: 1.58 samples/sec	dice-coef=0.996847
INFO:root:Epoch[12] Batch [200]	Speed: 1.58 samples/sec	dice-coef=0.997144
INFO:root:Epoch[12] Batch [220]	Speed: 1.60 samples/sec	dice-coef=0.997160
INFO:root:Epoch[12] Batch [240]	Speed: 1.56 samples/sec	dice-coef=0.996956
INFO:root:Epoch[12] Batch [260]	Speed: 1.58 samples/sec	dice-coef=0.996835
INFO:root:Epoch[12] Batch [280]	Speed: 1.58 samples/sec	dice-coef=0.997030
INFO:root:Epoch[12] Batch [300]	Speed: 1.58 samples/sec	dice-coef=0.996879
INFO:root:Epoch[12] Batch [320]	Speed: 1.58 samples/sec	dice-coef=0.997045
INFO:root:Epoch[12] Batch [340]	Speed: 1.58 samples/sec	dice-coef=0.996996
INFO:root:Epoch[12] Batch [360]	Speed: 1.58 samples/sec	dice-coef=0.997015
INFO:root:Epoch[12] Batch [380]	Speed: 1.58 samples/sec	dice-coef=0.997086
INFO:root:Epoch[12] Batch [400]	Speed: 1.58 samples/sec	dice-coef=0.997081
INFO:root:Epoch[12] Batch [420]	Speed: 1.58 samples/sec	dice-coef=0.997108
INFO:root:Epoch[12] Batch [440]	Speed: 1.58 samples/sec	dice-coef=0.997086
INFO:root:Epoch[12] Batch [460]	Speed: 1.58 samples/sec	dice-coef=0.996966
INFO:root:Epoch[12] Batch [480]	Speed: 1.58 samples/sec	dice-coef=0.997095
INFO:root:Epoch[12] Batch [500]	Speed: 1.58 samples/sec	dice-coef=0.997153
INFO:root:Epoch[12] Batch [520]	Speed: 1.58 samples/sec	dice-coef=0.996968
INFO:root:Epoch[12] Batch [540]	Speed: 1.58 samples/sec	dice-coef=0.997198
INFO:root:Epoch[12] Batch [560]	Speed: 1.58 samples/sec	dice-coef=0.997028
INFO:root:Epoch[12] Train-dice-coef=0.996994
INFO:root:Epoch[12] Time cost=2911.172
INFO:root:Saved checkpoint to "DeeplabV3-ResNeXt-152L64X1D4XP-0013.params"
INFO:root:Epoch[12] Validation-dice-coef=0.995994
INFO:root:Epoch[13] Batch [20]	Speed: 1.58 samples/sec	dice-coef=0.996946
INFO:root:Epoch[13] Batch [40]	Speed: 1.58 samples/sec	dice-coef=0.997156
INFO:root:Epoch[13] Batch [60]	Speed: 1.58 samples/sec	dice-coef=0.997031
INFO:root:Epoch[13] Batch [80]	Speed: 1.58 samples/sec	dice-coef=0.996940
INFO:root:Epoch[13] Batch [100]	Speed: 1.58 samples/sec	dice-coef=0.997156
INFO:root:Epoch[13] Batch [120]	Speed: 1.58 samples/sec	dice-coef=0.997241
INFO:root:Epoch[13] Batch [140]	Speed: 1.58 samples/sec	dice-coef=0.997132
INFO:root:Epoch[13] Batch [160]	Speed: 1.58 samples/sec	dice-coef=0.997050
INFO:root:Epoch[13] Batch [180]	Speed: 1.58 samples/sec	dice-coef=0.997100
INFO:root:Epoch[13] Batch [200]	Speed: 1.58 samples/sec	dice-coef=0.997157
INFO:root:Epoch[13] Batch [220]	Speed: 1.58 samples/sec	dice-coef=0.997077
INFO:root:Epoch[13] Batch [240]	Speed: 1.58 samples/sec	dice-coef=0.996967
INFO:root:Epoch[13] Batch [260]	Speed: 1.58 samples/sec	dice-coef=0.996834
INFO:root:Epoch[13] Batch [280]	Speed: 1.58 samples/sec	dice-coef=0.997036
INFO:root:Epoch[13] Batch [300]	Speed: 1.58 samples/sec	dice-coef=0.997032
INFO:root:Epoch[13] Batch [320]	Speed: 1.58 samples/sec	dice-coef=0.997013
INFO:root:Epoch[13] Batch [340]	Speed: 1.58 samples/sec	dice-coef=0.997125
INFO:root:Epoch[13] Batch [360]	Speed: 1.58 samples/sec	dice-coef=0.997056
INFO:root:Epoch[13] Batch [380]	Speed: 1.58 samples/sec	dice-coef=0.997005
INFO:root:Epoch[13] Batch [400]	Speed: 1.58 samples/sec	dice-coef=0.997050
INFO:root:Epoch[13] Batch [420]	Speed: 1.58 samples/sec	dice-coef=0.996970
INFO:root:Epoch[13] Batch [440]	Speed: 1.58 samples/sec	dice-coef=0.997045
INFO:root:Epoch[13] Batch [460]	Speed: 1.58 samples/sec	dice-coef=0.997140
INFO:root:Epoch[13] Batch [480]	Speed: 1.58 samples/sec	dice-coef=0.997087
INFO:root:Epoch[13] Batch [500]	Speed: 1.58 samples/sec	dice-coef=0.997194
INFO:root:Epoch[13] Batch [520]	Speed: 1.58 samples/sec	dice-coef=0.997120
INFO:root:Epoch[13] Batch [540]	Speed: 1.58 samples/sec	dice-coef=0.997191
INFO:root:Epoch[13] Batch [560]	Speed: 1.58 samples/sec	dice-coef=0.997051
INFO:root:Epoch[13] Train-dice-coef=0.996679
INFO:root:Epoch[13] Time cost=2910.899
INFO:root:Saved checkpoint to "DeeplabV3-ResNeXt-152L64X1D4XP-0014.params"
INFO:root:Epoch[13] Validation-dice-coef=0.995517
INFO:root:Epoch[14] Batch [20]	Speed: 1.58 samples/sec	dice-coef=0.996899
INFO:root:Epoch[14] Batch [40]	Speed: 1.58 samples/sec	dice-coef=0.997003
INFO:root:Epoch[14] Batch [60]	Speed: 1.58 samples/sec	dice-coef=0.997199
INFO:root:Epoch[14] Batch [80]	Speed: 1.58 samples/sec	dice-coef=0.997187
INFO:root:Epoch[14] Batch [100]	Speed: 1.58 samples/sec	dice-coef=0.996953
INFO:root:Epoch[14] Batch [120]	Speed: 1.58 samples/sec	dice-coef=0.997023
INFO:root:Epoch[14] Batch [140]	Speed: 1.58 samples/sec	dice-coef=0.996866
INFO:root:Epoch[14] Batch [160]	Speed: 1.58 samples/sec	dice-coef=0.996974
INFO:root:Epoch[14] Batch [180]	Speed: 1.58 samples/sec	dice-coef=0.996955
INFO:root:Epoch[14] Batch [200]	Speed: 1.58 samples/sec	dice-coef=0.996812
INFO:root:Epoch[14] Batch [220]	Speed: 1.58 samples/sec	dice-coef=0.996949
INFO:root:Epoch[14] Batch [240]	Speed: 1.58 samples/sec	dice-coef=0.996695
INFO:root:Epoch[14] Batch [260]	Speed: 1.58 samples/sec	dice-coef=0.996938
INFO:root:Epoch[14] Batch [280]	Speed: 1.58 samples/sec	dice-coef=0.997116
INFO:root:Epoch[14] Batch [300]	Speed: 1.58 samples/sec	dice-coef=0.997122
INFO:root:Epoch[14] Batch [320]	Speed: 1.58 samples/sec	dice-coef=0.997068
INFO:root:Epoch[14] Batch [340]	Speed: 1.58 samples/sec	dice-coef=0.996964
INFO:root:Epoch[14] Batch [360]	Speed: 1.58 samples/sec	dice-coef=0.997216
INFO:root:Epoch[14] Batch [380]	Speed: 1.58 samples/sec	dice-coef=0.997111
INFO:root:Epoch[14] Batch [400]	Speed: 1.58 samples/sec	dice-coef=0.996969
INFO:root:Epoch[14] Batch [420]	Speed: 1.58 samples/sec	dice-coef=0.997090
INFO:root:Epoch[14] Batch [440]	Speed: 1.58 samples/sec	dice-coef=0.997016
INFO:root:Epoch[14] Batch [460]	Speed: 1.58 samples/sec	dice-coef=0.997137
INFO:root:Epoch[14] Batch [480]	Speed: 1.58 samples/sec	dice-coef=0.997097
INFO:root:Epoch[14] Batch [500]	Speed: 1.58 samples/sec	dice-coef=0.996880
INFO:root:Epoch[14] Batch [520]	Speed: 1.58 samples/sec	dice-coef=0.997027
INFO:root:Epoch[14] Batch [540]	Speed: 1.58 samples/sec	dice-coef=0.997116
INFO:root:Epoch[14] Batch [560]	Speed: 1.58 samples/sec	dice-coef=0.996891
INFO:root:Epoch[14] Train-dice-coef=0.996943
INFO:root:Epoch[14] Time cost=2911.014
INFO:root:Saved checkpoint to "DeeplabV3-ResNeXt-152L64X1D4XP-0015.params"
INFO:root:Epoch[14] Validation-dice-coef=0.996078
INFO:root:Epoch[15] Batch [20]	Speed: 1.58 samples/sec	dice-coef=0.997164
INFO:root:Epoch[15] Batch [40]	Speed: 1.58 samples/sec	dice-coef=0.996912
INFO:root:Epoch[15] Batch [60]	Speed: 1.58 samples/sec	dice-coef=0.996890
INFO:root:Epoch[15] Batch [80]	Speed: 1.58 samples/sec	dice-coef=0.997174
INFO:root:Epoch[15] Batch [100]	Speed: 1.58 samples/sec	dice-coef=0.996989
INFO:root:Epoch[15] Batch [120]	Speed: 1.58 samples/sec	dice-coef=0.997038
INFO:root:Epoch[15] Batch [140]	Speed: 1.58 samples/sec	dice-coef=0.997117
INFO:root:Epoch[15] Batch [160]	Speed: 1.58 samples/sec	dice-coef=0.997159
INFO:root:Epoch[15] Batch [180]	Speed: 1.58 samples/sec	dice-coef=0.996930
INFO:root:Epoch[15] Batch [200]	Speed: 1.58 samples/sec	dice-coef=0.996913
INFO:root:Epoch[15] Batch [220]	Speed: 1.58 samples/sec	dice-coef=0.997046
INFO:root:Epoch[15] Batch [240]	Speed: 1.58 samples/sec	dice-coef=0.997069
INFO:root:Epoch[15] Batch [260]	Speed: 1.58 samples/sec	dice-coef=0.996994
INFO:root:Epoch[15] Batch [280]	Speed: 1.58 samples/sec	dice-coef=0.997197
INFO:root:Epoch[15] Batch [300]	Speed: 1.58 samples/sec	dice-coef=0.997184
INFO:root:Epoch[15] Batch [320]	Speed: 1.58 samples/sec	dice-coef=0.997043
INFO:root:Epoch[15] Batch [340]	Speed: 1.58 samples/sec	dice-coef=0.997057
INFO:root:Epoch[15] Batch [360]	Speed: 1.58 samples/sec	dice-coef=0.997048
INFO:root:Epoch[15] Batch [380]	Speed: 1.58 samples/sec	dice-coef=0.996553
INFO:root:Epoch[15] Batch [400]	Speed: 1.58 samples/sec	dice-coef=0.996788
INFO:root:Epoch[15] Batch [420]	Speed: 1.58 samples/sec	dice-coef=0.996946
INFO:root:Epoch[15] Batch [440]	Speed: 1.58 samples/sec	dice-coef=0.997046
INFO:root:Epoch[15] Batch [460]	Speed: 1.58 samples/sec	dice-coef=0.996989
INFO:root:Epoch[15] Batch [480]	Speed: 1.58 samples/sec	dice-coef=0.996897
INFO:root:Epoch[15] Batch [500]	Speed: 1.58 samples/sec	dice-coef=0.996921
INFO:root:Epoch[15] Batch [520]	Speed: 1.58 samples/sec	dice-coef=0.997010
INFO:root:Epoch[15] Batch [540]	Speed: 1.58 samples/sec	dice-coef=0.997041
INFO:root:Epoch[15] Batch [560]	Speed: 1.58 samples/sec	dice-coef=0.997071
INFO:root:Epoch[15] Train-dice-coef=0.997044
INFO:root:Epoch[15] Time cost=2911.067
INFO:root:Saved checkpoint to "DeeplabV3-ResNeXt-152L64X1D4XP-0016.params"
INFO:root:Epoch[15] Validation-dice-coef=0.995593
INFO:root:Epoch[16] Batch [20]	Speed: 1.58 samples/sec	dice-coef=0.997023
INFO:root:Epoch[16] Batch [40]	Speed: 1.58 samples/sec	dice-coef=0.997053
INFO:root:Epoch[16] Batch [60]	Speed: 1.58 samples/sec	dice-coef=0.997153
INFO:root:Epoch[16] Batch [80]	Speed: 1.58 samples/sec	dice-coef=0.996986
INFO:root:Epoch[16] Batch [100]	Speed: 1.58 samples/sec	dice-coef=0.997217
INFO:root:Epoch[16] Batch [120]	Speed: 1.58 samples/sec	dice-coef=0.996988
INFO:root:Epoch[16] Batch [140]	Speed: 1.58 samples/sec	dice-coef=0.997136
INFO:root:Epoch[16] Batch [160]	Speed: 1.58 samples/sec	dice-coef=0.996931
INFO:root:Epoch[16] Batch [180]	Speed: 1.58 samples/sec	dice-coef=0.997023
INFO:root:Epoch[16] Batch [200]	Speed: 1.58 samples/sec	dice-coef=0.997072
INFO:root:Epoch[16] Batch [220]	Speed: 1.58 samples/sec	dice-coef=0.997022
INFO:root:Epoch[16] Batch [240]	Speed: 1.58 samples/sec	dice-coef=0.997134
INFO:root:Epoch[16] Batch [260]	Speed: 1.58 samples/sec	dice-coef=0.997066
INFO:root:Epoch[16] Batch [280]	Speed: 1.58 samples/sec	dice-coef=0.997102
INFO:root:Epoch[16] Batch [300]	Speed: 1.58 samples/sec	dice-coef=0.997166
INFO:root:Epoch[16] Batch [320]	Speed: 1.58 samples/sec	dice-coef=0.997051
INFO:root:Epoch[16] Batch [340]	Speed: 1.58 samples/sec	dice-coef=0.996800
INFO:root:Epoch[16] Batch [360]	Speed: 1.58 samples/sec	dice-coef=0.996777
INFO:root:Epoch[16] Batch [380]	Speed: 1.58 samples/sec	dice-coef=0.996638
INFO:root:Epoch[16] Batch [400]	Speed: 1.58 samples/sec	dice-coef=0.996979
INFO:root:Epoch[16] Batch [420]	Speed: 1.58 samples/sec	dice-coef=0.997021
INFO:root:Epoch[16] Batch [440]	Speed: 1.58 samples/sec	dice-coef=0.997000
INFO:root:Epoch[16] Batch [460]	Speed: 1.58 samples/sec	dice-coef=0.997019
INFO:root:Epoch[16] Batch [480]	Speed: 1.58 samples/sec	dice-coef=0.997104
INFO:root:Epoch[16] Batch [500]	Speed: 1.58 samples/sec	dice-coef=0.997041
INFO:root:Epoch[16] Batch [520]	Speed: 1.58 samples/sec	dice-coef=0.997202
INFO:root:Epoch[16] Batch [540]	Speed: 1.58 samples/sec	dice-coef=0.997004
INFO:root:Epoch[16] Batch [560]	Speed: 1.58 samples/sec	dice-coef=0.997078
INFO:root:Epoch[16] Train-dice-coef=0.996539
INFO:root:Epoch[16] Time cost=2910.920
INFO:root:Saved checkpoint to "DeeplabV3-ResNeXt-152L64X1D4XP-0017.params"
INFO:root:Epoch[16] Validation-dice-coef=0.990267
INFO:root:Epoch[17] Batch [20]	Speed: 1.58 samples/sec	dice-coef=0.996630
INFO:root:Epoch[17] Batch [40]	Speed: 1.58 samples/sec	dice-coef=0.996925
INFO:root:Epoch[17] Batch [60]	Speed: 1.58 samples/sec	dice-coef=0.997033
INFO:root:Epoch[17] Batch [80]	Speed: 1.58 samples/sec	dice-coef=0.997045
INFO:root:Epoch[17] Batch [100]	Speed: 1.58 samples/sec	dice-coef=0.997206
INFO:root:Epoch[17] Batch [120]	Speed: 1.58 samples/sec	dice-coef=0.997199
INFO:root:Epoch[17] Batch [140]	Speed: 1.58 samples/sec	dice-coef=0.996815
INFO:root:Epoch[17] Batch [160]	Speed: 1.58 samples/sec	dice-coef=0.997082
INFO:root:Epoch[17] Batch [180]	Speed: 1.58 samples/sec	dice-coef=0.997095
INFO:root:Epoch[17] Batch [200]	Speed: 1.58 samples/sec	dice-coef=0.996754
INFO:root:Epoch[17] Batch [220]	Speed: 1.58 samples/sec	dice-coef=0.996604
INFO:root:Epoch[17] Batch [240]	Speed: 1.58 samples/sec	dice-coef=0.995713
INFO:root:Epoch[17] Batch [260]	Speed: 1.58 samples/sec	dice-coef=0.993870
INFO:root:Epoch[17] Batch [280]	Speed: 1.58 samples/sec	dice-coef=0.992238
INFO:root:Epoch[17] Batch [300]	Speed: 1.58 samples/sec	dice-coef=0.940523
INFO:root:Epoch[17] Batch [320]	Speed: 1.58 samples/sec	dice-coef=0.951109
INFO:root:Epoch[17] Batch [340]	Speed: 1.58 samples/sec	dice-coef=0.970564
INFO:root:Epoch[17] Batch [360]	Speed: 1.58 samples/sec	dice-coef=0.981028
INFO:root:Epoch[17] Batch [380]	Speed: 1.58 samples/sec	dice-coef=0.982737
INFO:root:Epoch[17] Batch [400]	Speed: 1.58 samples/sec	dice-coef=0.982062
INFO:root:Epoch[17] Batch [420]	Speed: 1.58 samples/sec	dice-coef=0.985205
INFO:root:Epoch[17] Batch [440]	Speed: 1.58 samples/sec	dice-coef=0.985852
INFO:root:Epoch[17] Batch [460]	Speed: 1.58 samples/sec	dice-coef=0.989158
INFO:root:Epoch[17] Batch [480]	Speed: 1.58 samples/sec	dice-coef=0.989010
INFO:root:Epoch[17] Batch [500]	Speed: 1.58 samples/sec	dice-coef=0.989510
INFO:root:Epoch[17] Batch [520]	Speed: 1.58 samples/sec	dice-coef=0.989766
INFO:root:Epoch[17] Batch [540]	Speed: 1.58 samples/sec	dice-coef=0.989505
INFO:root:Epoch[17] Batch [560]	Speed: 1.58 samples/sec	dice-coef=0.990822
INFO:root:Epoch[17] Train-dice-coef=0.991787
INFO:root:Epoch[17] Time cost=2910.931
INFO:root:Saved checkpoint to "DeeplabV3-ResNeXt-152L64X1D4XP-0018.params"
INFO:root:Epoch[17] Validation-dice-coef=0.981666
INFO:root:Epoch[18] Batch [20]	Speed: 1.58 samples/sec	dice-coef=0.991268
INFO:root:Epoch[18] Batch [40]	Speed: 1.58 samples/sec	dice-coef=0.992068
INFO:root:Epoch[18] Batch [60]	Speed: 1.58 samples/sec	dice-coef=0.992969
INFO:root:Epoch[18] Batch [80]	Speed: 1.58 samples/sec	dice-coef=0.992869
INFO:root:Epoch[18] Batch [100]	Speed: 1.58 samples/sec	dice-coef=0.990552
INFO:root:Epoch[18] Batch [120]	Speed: 1.58 samples/sec	dice-coef=0.992181
INFO:root:Epoch[18] Batch [140]	Speed: 1.58 samples/sec	dice-coef=0.991854
INFO:root:Epoch[18] Batch [160]	Speed: 1.58 samples/sec	dice-coef=0.992949
INFO:root:Epoch[18] Batch [180]	Speed: 1.58 samples/sec	dice-coef=0.991875
INFO:root:Epoch[18] Batch [200]	Speed: 1.58 samples/sec	dice-coef=0.991911
INFO:root:Epoch[18] Batch [220]	Speed: 1.58 samples/sec	dice-coef=0.993375
INFO:root:Epoch[18] Batch [240]	Speed: 1.58 samples/sec	dice-coef=0.993456
INFO:root:Epoch[18] Batch [260]	Speed: 1.58 samples/sec	dice-coef=0.993130
INFO:root:Epoch[18] Batch [280]	Speed: 1.58 samples/sec	dice-coef=0.992369
INFO:root:Epoch[18] Batch [300]	Speed: 1.58 samples/sec	dice-coef=0.991193
INFO:root:Epoch[18] Batch [320]	Speed: 1.58 samples/sec	dice-coef=0.993035
INFO:root:Epoch[18] Batch [340]	Speed: 1.58 samples/sec	dice-coef=0.994243
INFO:root:Epoch[18] Batch [360]	Speed: 1.58 samples/sec	dice-coef=0.993611
INFO:root:Epoch[18] Batch [380]	Speed: 1.58 samples/sec	dice-coef=0.993600
INFO:root:Epoch[18] Batch [400]	Speed: 1.58 samples/sec	dice-coef=0.994139
INFO:root:Epoch[18] Batch [420]	Speed: 1.58 samples/sec	dice-coef=0.994465
INFO:root:Epoch[18] Batch [440]	Speed: 1.58 samples/sec	dice-coef=0.994061
INFO:root:Epoch[18] Batch [460]	Speed: 1.58 samples/sec	dice-coef=0.994015
INFO:root:Epoch[18] Batch [480]	Speed: 1.58 samples/sec	dice-coef=0.994047
INFO:root:Epoch[18] Batch [500]	Speed: 1.58 samples/sec	dice-coef=0.993493
INFO:root:Epoch[18] Batch [520]	Speed: 1.58 samples/sec	dice-coef=0.994017
INFO:root:Epoch[18] Batch [540]	Speed: 1.58 samples/sec	dice-coef=0.994777
INFO:root:Epoch[18] Batch [560]	Speed: 1.58 samples/sec	dice-coef=0.994911
INFO:root:Epoch[18] Train-dice-coef=0.994504
INFO:root:Epoch[18] Time cost=2911.258
INFO:root:Saved checkpoint to "DeeplabV3-ResNeXt-152L64X1D4XP-0019.params"
INFO:root:Epoch[18] Validation-dice-coef=0.991872
INFO:root:Epoch[19] Batch [20]	Speed: 1.58 samples/sec	dice-coef=0.994857
INFO:root:Epoch[19] Batch [40]	Speed: 1.58 samples/sec	dice-coef=0.995555
INFO:root:Epoch[19] Batch [60]	Speed: 1.58 samples/sec	dice-coef=0.995218
INFO:root:Epoch[19] Batch [80]	Speed: 1.58 samples/sec	dice-coef=0.995097
INFO:root:Epoch[19] Batch [100]	Speed: 1.58 samples/sec	dice-coef=0.994584
INFO:root:Epoch[19] Batch [120]	Speed: 1.58 samples/sec	dice-coef=0.995246
INFO:root:Epoch[19] Batch [140]	Speed: 1.58 samples/sec	dice-coef=0.995591
INFO:root:Epoch[19] Batch [160]	Speed: 1.58 samples/sec	dice-coef=0.994776
INFO:root:Epoch[19] Batch [180]	Speed: 1.58 samples/sec	dice-coef=0.993500
INFO:root:Epoch[19] Batch [200]	Speed: 1.58 samples/sec	dice-coef=0.994545
INFO:root:Epoch[19] Batch [220]	Speed: 1.58 samples/sec	dice-coef=0.995126
INFO:root:Epoch[19] Batch [240]	Speed: 1.58 samples/sec	dice-coef=0.995041
INFO:root:Epoch[19] Batch [260]	Speed: 1.58 samples/sec	dice-coef=0.995248
INFO:root:Epoch[19] Batch [280]	Speed: 1.58 samples/sec	dice-coef=0.995122
INFO:root:Epoch[19] Batch [300]	Speed: 1.58 samples/sec	dice-coef=0.994087
INFO:root:Epoch[19] Batch [320]	Speed: 1.58 samples/sec	dice-coef=0.994940
INFO:root:Epoch[19] Batch [340]	Speed: 1.58 samples/sec	dice-coef=0.995044
INFO:root:Epoch[19] Batch [360]	Speed: 1.58 samples/sec	dice-coef=0.995243
INFO:root:Epoch[19] Batch [380]	Speed: 1.58 samples/sec	dice-coef=0.994382
INFO:root:Epoch[19] Batch [400]	Speed: 1.58 samples/sec	dice-coef=0.995268
INFO:root:Epoch[19] Batch [420]	Speed: 1.58 samples/sec	dice-coef=0.995615
INFO:root:Epoch[19] Batch [440]	Speed: 1.58 samples/sec	dice-coef=0.995463
INFO:root:Epoch[19] Batch [460]	Speed: 1.58 samples/sec	dice-coef=0.995427
INFO:root:Epoch[19] Batch [480]	Speed: 1.58 samples/sec	dice-coef=0.995716
INFO:root:Epoch[19] Batch [500]	Speed: 1.58 samples/sec	dice-coef=0.995780
INFO:root:Epoch[19] Batch [520]	Speed: 1.58 samples/sec	dice-coef=0.995642
INFO:root:Epoch[19] Batch [540]	Speed: 1.58 samples/sec	dice-coef=0.995528
INFO:root:Epoch[19] Batch [560]	Speed: 1.58 samples/sec	dice-coef=0.995466
INFO:root:Epoch[19] Train-dice-coef=0.995349
INFO:root:Epoch[19] Time cost=2911.214
INFO:root:Saved checkpoint to "DeeplabV3-ResNeXt-152L64X1D4XP-0020.params"
INFO:root:Epoch[19] Validation-dice-coef=0.993025
INFO:root:Epoch[20] Batch [20]	Speed: 1.58 samples/sec	dice-coef=0.995583
INFO:root:Epoch[20] Batch [40]	Speed: 1.58 samples/sec	dice-coef=0.995670
INFO:root:Epoch[20] Batch [60]	Speed: 1.58 samples/sec	dice-coef=0.995726
INFO:root:Epoch[20] Batch [80]	Speed: 1.58 samples/sec	dice-coef=0.995587
INFO:root:Epoch[20] Batch [100]	Speed: 1.58 samples/sec	dice-coef=0.995580
INFO:root:Epoch[20] Batch [120]	Speed: 1.58 samples/sec	dice-coef=0.995763
INFO:root:Epoch[20] Batch [140]	Speed: 1.58 samples/sec	dice-coef=0.996182
INFO:root:Epoch[20] Batch [160]	Speed: 1.58 samples/sec	dice-coef=0.995783
INFO:root:Epoch[20] Batch [180]	Speed: 1.58 samples/sec	dice-coef=0.995053
INFO:root:Epoch[20] Batch [200]	Speed: 1.58 samples/sec	dice-coef=0.995734
INFO:root:Epoch[20] Batch [220]	Speed: 1.58 samples/sec	dice-coef=0.995706
INFO:root:Epoch[20] Batch [240]	Speed: 1.58 samples/sec	dice-coef=0.995933
INFO:root:Epoch[20] Batch [260]	Speed: 1.58 samples/sec	dice-coef=0.995922
INFO:root:Epoch[20] Batch [280]	Speed: 1.58 samples/sec	dice-coef=0.995453
INFO:root:Epoch[20] Batch [300]	Speed: 1.58 samples/sec	dice-coef=0.996087
INFO:root:Epoch[20] Batch [320]	Speed: 1.58 samples/sec	dice-coef=0.995793
INFO:root:Epoch[20] Batch [340]	Speed: 1.58 samples/sec	dice-coef=0.996036
INFO:root:Epoch[20] Batch [360]	Speed: 1.58 samples/sec	dice-coef=0.996117
INFO:root:Epoch[20] Batch [380]	Speed: 1.58 samples/sec	dice-coef=0.996026
INFO:root:Epoch[20] Batch [400]	Speed: 1.58 samples/sec	dice-coef=0.995907
INFO:root:Epoch[20] Batch [420]	Speed: 1.58 samples/sec	dice-coef=0.996193
INFO:root:Epoch[20] Batch [440]	Speed: 1.58 samples/sec	dice-coef=0.995841
INFO:root:Epoch[20] Batch [460]	Speed: 1.58 samples/sec	dice-coef=0.996165
INFO:root:Epoch[20] Batch [480]	Speed: 1.58 samples/sec	dice-coef=0.995721
INFO:root:Epoch[20] Batch [500]	Speed: 1.58 samples/sec	dice-coef=0.996066
INFO:root:Epoch[20] Batch [520]	Speed: 1.58 samples/sec	dice-coef=0.996171
INFO:root:Epoch[20] Batch [540]	Speed: 1.58 samples/sec	dice-coef=0.996137
INFO:root:Epoch[20] Batch [560]	Speed: 1.58 samples/sec	dice-coef=0.996126
INFO:root:Epoch[20] Train-dice-coef=0.996182
INFO:root:Epoch[20] Time cost=2911.199
INFO:root:Saved checkpoint to "DeeplabV3-ResNeXt-152L64X1D4XP-0021.params"
INFO:root:Epoch[20] Validation-dice-coef=0.994248
INFO:root:Epoch[21] Batch [20]	Speed: 1.58 samples/sec	dice-coef=0.996023
INFO:root:Epoch[21] Batch [40]	Speed: 1.58 samples/sec	dice-coef=0.996311
INFO:root:Epoch[21] Batch [60]	Speed: 1.58 samples/sec	dice-coef=0.996038
INFO:root:Epoch[21] Batch [80]	Speed: 1.58 samples/sec	dice-coef=0.996010
INFO:root:Epoch[21] Batch [100]	Speed: 1.58 samples/sec	dice-coef=0.996348
INFO:root:Epoch[21] Batch [120]	Speed: 1.58 samples/sec	dice-coef=0.996157
INFO:root:Epoch[21] Batch [140]	Speed: 1.58 samples/sec	dice-coef=0.996200
INFO:root:Epoch[21] Batch [160]	Speed: 1.58 samples/sec	dice-coef=0.996094
INFO:root:Epoch[21] Batch [180]	Speed: 1.58 samples/sec	dice-coef=0.996040
INFO:root:Epoch[21] Batch [200]	Speed: 1.58 samples/sec	dice-coef=0.996135
INFO:root:Epoch[21] Batch [220]	Speed: 1.58 samples/sec	dice-coef=0.996343
INFO:root:Epoch[21] Batch [240]	Speed: 1.58 samples/sec	dice-coef=0.996110
INFO:root:Epoch[21] Batch [260]	Speed: 1.58 samples/sec	dice-coef=0.996022
INFO:root:Epoch[21] Batch [280]	Speed: 1.58 samples/sec	dice-coef=0.996132
INFO:root:Epoch[21] Batch [300]	Speed: 1.58 samples/sec	dice-coef=0.996171
INFO:root:Epoch[21] Batch [320]	Speed: 1.58 samples/sec	dice-coef=0.996316
INFO:root:Epoch[21] Batch [340]	Speed: 1.58 samples/sec	dice-coef=0.996069
INFO:root:Epoch[21] Batch [360]	Speed: 1.58 samples/sec	dice-coef=0.995758
INFO:root:Epoch[21] Batch [380]	Speed: 1.58 samples/sec	dice-coef=0.995876
INFO:root:Epoch[21] Batch [400]	Speed: 1.58 samples/sec	dice-coef=0.995907
INFO:root:Epoch[21] Batch [420]	Speed: 1.58 samples/sec	dice-coef=0.995966
INFO:root:Epoch[21] Batch [440]	Speed: 1.58 samples/sec	dice-coef=0.995831
INFO:root:Epoch[21] Batch [460]	Speed: 1.58 samples/sec	dice-coef=0.996051
INFO:root:Epoch[21] Batch [480]	Speed: 1.58 samples/sec	dice-coef=0.996045
INFO:root:Epoch[21] Batch [500]	Speed: 1.58 samples/sec	dice-coef=0.996287
INFO:root:Epoch[21] Batch [520]	Speed: 1.58 samples/sec	dice-coef=0.996301
INFO:root:Epoch[21] Batch [540]	Speed: 1.58 samples/sec	dice-coef=0.995913
INFO:root:Epoch[21] Batch [560]	Speed: 1.58 samples/sec	dice-coef=0.996350
INFO:root:Epoch[21] Train-dice-coef=0.996174
INFO:root:Epoch[21] Time cost=2911.382
INFO:root:Saved checkpoint to "DeeplabV3-ResNeXt-152L64X1D4XP-0022.params"
INFO:root:Epoch[21] Validation-dice-coef=0.994521
INFO:root:Epoch[22] Batch [20]	Speed: 1.58 samples/sec	dice-coef=0.996325
INFO:root:Epoch[22] Batch [40]	Speed: 1.58 samples/sec	dice-coef=0.996346
INFO:root:Epoch[22] Batch [60]	Speed: 1.58 samples/sec	dice-coef=0.996347
INFO:root:Epoch[22] Batch [80]	Speed: 1.58 samples/sec	dice-coef=0.996372
INFO:root:Epoch[22] Batch [100]	Speed: 1.58 samples/sec	dice-coef=0.996484
INFO:root:Epoch[22] Batch [120]	Speed: 1.58 samples/sec	dice-coef=0.996378
INFO:root:Epoch[22] Batch [140]	Speed: 1.58 samples/sec	dice-coef=0.996280
INFO:root:Epoch[22] Batch [160]	Speed: 1.58 samples/sec	dice-coef=0.996316
INFO:root:Epoch[22] Batch [180]	Speed: 1.60 samples/sec	dice-coef=0.996152
INFO:root:Epoch[22] Batch [200]	Speed: 1.56 samples/sec	dice-coef=0.996350
INFO:root:Epoch[22] Batch [220]	Speed: 1.58 samples/sec	dice-coef=0.996191
INFO:root:Epoch[22] Batch [240]	Speed: 1.58 samples/sec	dice-coef=0.996107
INFO:root:Epoch[22] Batch [260]	Speed: 1.58 samples/sec	dice-coef=0.996368
INFO:root:Epoch[22] Batch [280]	Speed: 1.58 samples/sec	dice-coef=0.996263
INFO:root:Epoch[22] Batch [300]	Speed: 1.58 samples/sec	dice-coef=0.996390
INFO:root:Epoch[22] Batch [320]	Speed: 1.58 samples/sec	dice-coef=0.996212
INFO:root:Epoch[22] Batch [340]	Speed: 1.58 samples/sec	dice-coef=0.996285
INFO:root:Epoch[22] Batch [360]	Speed: 1.58 samples/sec	dice-coef=0.996555
INFO:root:Epoch[22] Batch [380]	Speed: 1.58 samples/sec	dice-coef=0.996109
INFO:root:Epoch[22] Batch [400]	Speed: 1.58 samples/sec	dice-coef=0.995441
INFO:root:Epoch[22] Batch [420]	Speed: 1.58 samples/sec	dice-coef=0.993988
INFO:root:Epoch[22] Batch [440]	Speed: 1.58 samples/sec	dice-coef=0.995405
INFO:root:Epoch[22] Batch [460]	Speed: 1.58 samples/sec	dice-coef=0.995710
INFO:root:Epoch[22] Batch [480]	Speed: 1.58 samples/sec	dice-coef=0.996193
INFO:root:Epoch[22] Batch [500]	Speed: 1.58 samples/sec	dice-coef=0.996269
INFO:root:Epoch[22] Batch [520]	Speed: 1.58 samples/sec	dice-coef=0.996222
INFO:root:Epoch[22] Batch [540]	Speed: 1.58 samples/sec	dice-coef=0.996045
INFO:root:Epoch[22] Batch [560]	Speed: 1.58 samples/sec	dice-coef=0.995931
INFO:root:Epoch[22] Train-dice-coef=0.996586
INFO:root:Epoch[22] Time cost=2911.448
INFO:root:Saved checkpoint to "DeeplabV3-ResNeXt-152L64X1D4XP-0023.params"
INFO:root:Epoch[22] Validation-dice-coef=0.994551
INFO:root:Epoch[23] Batch [20]	Speed: 1.58 samples/sec	dice-coef=0.996442
INFO:root:Epoch[23] Batch [40]	Speed: 1.58 samples/sec	dice-coef=0.996239
INFO:root:Epoch[23] Batch [60]	Speed: 1.58 samples/sec	dice-coef=0.996397
INFO:root:Epoch[23] Batch [80]	Speed: 1.58 samples/sec	dice-coef=0.996349
INFO:root:Epoch[23] Batch [100]	Speed: 1.58 samples/sec	dice-coef=0.996283
INFO:root:Epoch[23] Batch [120]	Speed: 1.58 samples/sec	dice-coef=0.996538
INFO:root:Epoch[23] Batch [140]	Speed: 1.58 samples/sec	dice-coef=0.996398
INFO:root:Epoch[23] Batch [160]	Speed: 1.58 samples/sec	dice-coef=0.996438
INFO:root:Epoch[23] Batch [180]	Speed: 1.58 samples/sec	dice-coef=0.996351
INFO:root:Epoch[23] Batch [200]	Speed: 1.58 samples/sec	dice-coef=0.996450
INFO:root:Epoch[23] Batch [220]	Speed: 1.58 samples/sec	dice-coef=0.996356
INFO:root:Epoch[23] Batch [240]	Speed: 1.58 samples/sec	dice-coef=0.996554
INFO:root:Epoch[23] Batch [260]	Speed: 1.58 samples/sec	dice-coef=0.996458
INFO:root:Epoch[23] Batch [280]	Speed: 1.58 samples/sec	dice-coef=0.996465
INFO:root:Epoch[23] Batch [300]	Speed: 1.58 samples/sec	dice-coef=0.996361
INFO:root:Epoch[23] Batch [320]	Speed: 1.58 samples/sec	dice-coef=0.996566
INFO:root:Epoch[23] Batch [340]	Speed: 1.58 samples/sec	dice-coef=0.996678
INFO:root:Epoch[23] Batch [360]	Speed: 1.58 samples/sec	dice-coef=0.996378
INFO:root:Epoch[23] Batch [380]	Speed: 1.58 samples/sec	dice-coef=0.995311
INFO:root:Epoch[23] Batch [400]	Speed: 1.58 samples/sec	dice-coef=0.995824
INFO:root:Epoch[23] Batch [420]	Speed: 1.58 samples/sec	dice-coef=0.996218
INFO:root:Epoch[23] Batch [440]	Speed: 1.58 samples/sec	dice-coef=0.996311
INFO:root:Epoch[23] Batch [460]	Speed: 1.58 samples/sec	dice-coef=0.996191
INFO:root:Epoch[23] Batch [480]	Speed: 1.58 samples/sec	dice-coef=0.996374
INFO:root:Epoch[23] Batch [500]	Speed: 1.58 samples/sec	dice-coef=0.996476
INFO:root:Epoch[23] Batch [520]	Speed: 1.58 samples/sec	dice-coef=0.996162
INFO:root:Epoch[23] Batch [540]	Speed: 1.58 samples/sec	dice-coef=0.996433
INFO:root:Epoch[23] Batch [560]	Speed: 1.58 samples/sec	dice-coef=0.996401
INFO:root:Epoch[23] Train-dice-coef=0.996741
INFO:root:Epoch[23] Time cost=2911.371
INFO:root:Saved checkpoint to "DeeplabV3-ResNeXt-152L64X1D4XP-0024.params"
INFO:root:Epoch[23] Validation-dice-coef=0.995380
INFO:root:Epoch[24] Batch [20]	Speed: 1.58 samples/sec	dice-coef=0.996487
INFO:root:Epoch[24] Batch [40]	Speed: 1.58 samples/sec	dice-coef=0.996642
INFO:root:Epoch[24] Batch [60]	Speed: 1.58 samples/sec	dice-coef=0.996834
INFO:root:Epoch[24] Batch [80]	Speed: 1.58 samples/sec	dice-coef=0.996578
INFO:root:Epoch[24] Batch [100]	Speed: 1.58 samples/sec	dice-coef=0.996604
INFO:root:Epoch[24] Batch [120]	Speed: 1.58 samples/sec	dice-coef=0.996590
INFO:root:Epoch[24] Batch [140]	Speed: 1.58 samples/sec	dice-coef=0.996512
INFO:root:Epoch[24] Batch [160]	Speed: 1.58 samples/sec	dice-coef=0.996748
INFO:root:Epoch[24] Batch [180]	Speed: 1.58 samples/sec	dice-coef=0.996420
INFO:root:Epoch[24] Batch [200]	Speed: 1.58 samples/sec	dice-coef=0.996635
INFO:root:Epoch[24] Batch [220]	Speed: 1.58 samples/sec	dice-coef=0.996567
INFO:root:Epoch[24] Batch [240]	Speed: 1.58 samples/sec	dice-coef=0.996441
INFO:root:Epoch[24] Batch [260]	Speed: 1.58 samples/sec	dice-coef=0.996830
INFO:root:Epoch[24] Batch [280]	Speed: 1.58 samples/sec	dice-coef=0.996326
INFO:root:Epoch[24] Batch [300]	Speed: 1.58 samples/sec	dice-coef=0.996631
INFO:root:Epoch[24] Batch [320]	Speed: 1.58 samples/sec	dice-coef=0.996664
INFO:root:Epoch[24] Batch [340]	Speed: 1.58 samples/sec	dice-coef=0.996653
INFO:root:Epoch[24] Batch [360]	Speed: 1.58 samples/sec	dice-coef=0.996722
INFO:root:Epoch[24] Batch [380]	Speed: 1.58 samples/sec	dice-coef=0.996681
INFO:root:Epoch[24] Batch [400]	Speed: 1.58 samples/sec	dice-coef=0.996610
INFO:root:Epoch[24] Batch [420]	Speed: 1.58 samples/sec	dice-coef=0.996744
INFO:root:Epoch[24] Batch [440]	Speed: 1.58 samples/sec	dice-coef=0.996602
INFO:root:Epoch[24] Batch [460]	Speed: 1.58 samples/sec	dice-coef=0.996485
INFO:root:Epoch[24] Batch [480]	Speed: 1.58 samples/sec	dice-coef=0.996447
INFO:root:Epoch[24] Batch [500]	Speed: 1.58 samples/sec	dice-coef=0.996307
INFO:root:Epoch[24] Batch [520]	Speed: 1.58 samples/sec	dice-coef=0.996583
INFO:root:Epoch[24] Batch [540]	Speed: 1.58 samples/sec	dice-coef=0.996505
INFO:root:Epoch[24] Batch [560]	Speed: 1.58 samples/sec	dice-coef=0.996414
INFO:root:Epoch[24] Train-dice-coef=0.996593
INFO:root:Epoch[24] Time cost=2911.716
INFO:root:Saved checkpoint to "DeeplabV3-ResNeXt-152L64X1D4XP-0025.params"
INFO:root:Epoch[24] Validation-dice-coef=0.985657
INFO:root:Epoch[25] Batch [20]	Speed: 1.58 samples/sec	dice-coef=0.996575
INFO:root:Epoch[25] Batch [40]	Speed: 1.58 samples/sec	dice-coef=0.996421
INFO:root:Epoch[25] Batch [60]	Speed: 1.58 samples/sec	dice-coef=0.996540
INFO:root:Epoch[25] Batch [80]	Speed: 1.58 samples/sec	dice-coef=0.996598
INFO:root:Epoch[25] Batch [100]	Speed: 1.58 samples/sec	dice-coef=0.996527
INFO:root:Epoch[25] Batch [120]	Speed: 1.58 samples/sec	dice-coef=0.996525
INFO:root:Epoch[25] Batch [140]	Speed: 1.58 samples/sec	dice-coef=0.996462
INFO:root:Epoch[25] Batch [160]	Speed: 1.58 samples/sec	dice-coef=0.995863
INFO:root:Epoch[25] Batch [180]	Speed: 1.58 samples/sec	dice-coef=0.994188
INFO:root:Epoch[25] Batch [200]	Speed: 1.58 samples/sec	dice-coef=0.995142
INFO:root:Epoch[25] Batch [220]	Speed: 1.58 samples/sec	dice-coef=0.995885
INFO:root:Epoch[25] Batch [240]	Speed: 1.58 samples/sec	dice-coef=0.996114
INFO:root:Epoch[25] Batch [260]	Speed: 1.58 samples/sec	dice-coef=0.996274
INFO:root:Epoch[25] Batch [280]	Speed: 1.58 samples/sec	dice-coef=0.996073
INFO:root:Epoch[25] Batch [300]	Speed: 1.58 samples/sec	dice-coef=0.996108
INFO:root:Epoch[25] Batch [320]	Speed: 1.58 samples/sec	dice-coef=0.996516
INFO:root:Epoch[25] Batch [340]	Speed: 1.58 samples/sec	dice-coef=0.996262
INFO:root:Epoch[25] Batch [360]	Speed: 1.58 samples/sec	dice-coef=0.996491
INFO:root:Epoch[25] Batch [380]	Speed: 1.58 samples/sec	dice-coef=0.996368
INFO:root:Epoch[25] Batch [400]	Speed: 1.58 samples/sec	dice-coef=0.996368
INFO:root:Epoch[25] Batch [420]	Speed: 1.58 samples/sec	dice-coef=0.996737
INFO:root:Epoch[25] Batch [440]	Speed: 1.58 samples/sec	dice-coef=0.996577
INFO:root:Epoch[25] Batch [460]	Speed: 1.58 samples/sec	dice-coef=0.996622
INFO:root:Epoch[25] Batch [480]	Speed: 1.58 samples/sec	dice-coef=0.996262
INFO:root:Epoch[25] Batch [500]	Speed: 1.58 samples/sec	dice-coef=0.995224
INFO:root:Epoch[25] Batch [520]	Speed: 1.58 samples/sec	dice-coef=0.994519
INFO:root:Epoch[25] Batch [540]	Speed: 1.58 samples/sec	dice-coef=0.995252
INFO:root:Epoch[25] Batch [560]	Speed: 1.58 samples/sec	dice-coef=0.995865
INFO:root:Epoch[25] Train-dice-coef=0.996247
INFO:root:Epoch[25] Time cost=2912.185
INFO:root:Saved checkpoint to "DeeplabV3-ResNeXt-152L64X1D4XP-0026.params"
INFO:root:Epoch[25] Validation-dice-coef=0.994673
INFO:root:Epoch[26] Batch [20]	Speed: 1.58 samples/sec	dice-coef=0.996087
INFO:root:Epoch[26] Batch [40]	Speed: 1.58 samples/sec	dice-coef=0.996195
INFO:root:Epoch[26] Batch [60]	Speed: 1.58 samples/sec	dice-coef=0.996564
INFO:root:Epoch[26] Batch [80]	Speed: 1.58 samples/sec	dice-coef=0.996501
INFO:root:Epoch[26] Batch [100]	Speed: 1.58 samples/sec	dice-coef=0.996575
INFO:root:Epoch[26] Batch [120]	Speed: 1.58 samples/sec	dice-coef=0.996432
INFO:root:Epoch[26] Batch [140]	Speed: 1.58 samples/sec	dice-coef=0.996364
INFO:root:Epoch[26] Batch [160]	Speed: 1.58 samples/sec	dice-coef=0.996413
INFO:root:Epoch[26] Batch [180]	Speed: 1.58 samples/sec	dice-coef=0.996789
INFO:root:Epoch[26] Batch [200]	Speed: 1.58 samples/sec	dice-coef=0.996745
INFO:root:Epoch[26] Batch [220]	Speed: 1.60 samples/sec	dice-coef=0.996494
INFO:root:Epoch[26] Batch [240]	Speed: 1.56 samples/sec	dice-coef=0.996669
INFO:root:Epoch[26] Batch [260]	Speed: 1.58 samples/sec	dice-coef=0.996680
INFO:root:Epoch[26] Batch [280]	Speed: 1.58 samples/sec	dice-coef=0.996716
INFO:root:Epoch[26] Batch [300]	Speed: 1.58 samples/sec	dice-coef=0.996396
INFO:root:Epoch[26] Batch [320]	Speed: 1.58 samples/sec	dice-coef=0.996690
INFO:root:Epoch[26] Batch [340]	Speed: 1.58 samples/sec	dice-coef=0.996594
INFO:root:Epoch[26] Batch [360]	Speed: 1.58 samples/sec	dice-coef=0.996509
INFO:root:Epoch[26] Batch [380]	Speed: 1.58 samples/sec	dice-coef=0.996474
INFO:root:Epoch[26] Batch [400]	Speed: 1.58 samples/sec	dice-coef=0.996778
INFO:root:Epoch[26] Batch [420]	Speed: 1.58 samples/sec	dice-coef=0.996736
INFO:root:Epoch[26] Batch [440]	Speed: 1.58 samples/sec	dice-coef=0.996651
INFO:root:Epoch[26] Batch [460]	Speed: 1.58 samples/sec	dice-coef=0.996252
INFO:root:Epoch[26] Batch [480]	Speed: 1.58 samples/sec	dice-coef=0.996470
INFO:root:Epoch[26] Batch [500]	Speed: 1.58 samples/sec	dice-coef=0.996591
INFO:root:Epoch[26] Batch [520]	Speed: 1.58 samples/sec	dice-coef=0.996585
INFO:root:Epoch[26] Batch [540]	Speed: 1.58 samples/sec	dice-coef=0.996214
INFO:root:Epoch[26] Batch [560]	Speed: 1.58 samples/sec	dice-coef=0.996428
INFO:root:Epoch[26] Train-dice-coef=0.996603
INFO:root:Epoch[26] Time cost=2911.033
INFO:root:Saved checkpoint to "DeeplabV3-ResNeXt-152L64X1D4XP-0027.params"
INFO:root:Epoch[26] Validation-dice-coef=0.995674
INFO:root:Epoch[27] Batch [20]	Speed: 1.58 samples/sec	dice-coef=0.996578
INFO:root:Epoch[27] Batch [40]	Speed: 1.58 samples/sec	dice-coef=0.996838
INFO:root:Epoch[27] Batch [60]	Speed: 1.58 samples/sec	dice-coef=0.996780
INFO:root:Epoch[27] Batch [80]	Speed: 1.58 samples/sec	dice-coef=0.996859
INFO:root:Epoch[27] Batch [100]	Speed: 1.58 samples/sec	dice-coef=0.996569
INFO:root:Epoch[27] Batch [120]	Speed: 1.58 samples/sec	dice-coef=0.996645
INFO:root:Epoch[27] Batch [140]	Speed: 1.58 samples/sec	dice-coef=0.996729
INFO:root:Epoch[27] Batch [160]	Speed: 1.58 samples/sec	dice-coef=0.996722
INFO:root:Epoch[27] Batch [180]	Speed: 1.58 samples/sec	dice-coef=0.996763
INFO:root:Epoch[27] Batch [200]	Speed: 1.58 samples/sec	dice-coef=0.996696
INFO:root:Epoch[27] Batch [220]	Speed: 1.58 samples/sec	dice-coef=0.996487
INFO:root:Epoch[27] Batch [240]	Speed: 1.58 samples/sec	dice-coef=0.996775
INFO:root:Epoch[27] Batch [260]	Speed: 1.58 samples/sec	dice-coef=0.996722
INFO:root:Epoch[27] Batch [280]	Speed: 1.58 samples/sec	dice-coef=0.996429
INFO:root:Epoch[27] Batch [300]	Speed: 1.58 samples/sec	dice-coef=0.996443
INFO:root:Epoch[27] Batch [320]	Speed: 1.58 samples/sec	dice-coef=0.996654
INFO:root:Epoch[27] Batch [340]	Speed: 1.58 samples/sec	dice-coef=0.996649
INFO:root:Epoch[27] Batch [360]	Speed: 1.58 samples/sec	dice-coef=0.996484
INFO:root:Epoch[27] Batch [380]	Speed: 1.58 samples/sec	dice-coef=0.996627
INFO:root:Epoch[27] Batch [400]	Speed: 1.58 samples/sec	dice-coef=0.996892
INFO:root:Epoch[27] Batch [420]	Speed: 1.58 samples/sec	dice-coef=0.996791
INFO:root:Epoch[27] Batch [440]	Speed: 1.58 samples/sec	dice-coef=0.996740
INFO:root:Epoch[27] Batch [460]	Speed: 1.58 samples/sec	dice-coef=0.996837
INFO:root:Epoch[27] Batch [480]	Speed: 1.58 samples/sec	dice-coef=0.996830
INFO:root:Epoch[27] Batch [500]	Speed: 1.58 samples/sec	dice-coef=0.996676
INFO:root:Epoch[27] Batch [520]	Speed: 1.58 samples/sec	dice-coef=0.996456
INFO:root:Epoch[27] Batch [540]	Speed: 1.58 samples/sec	dice-coef=0.996795
INFO:root:Epoch[27] Batch [560]	Speed: 1.58 samples/sec	dice-coef=0.996706
INFO:root:Epoch[27] Train-dice-coef=0.996289
INFO:root:Epoch[27] Time cost=2911.251
INFO:root:Saved checkpoint to "DeeplabV3-ResNeXt-152L64X1D4XP-0028.params"
INFO:root:Epoch[27] Validation-dice-coef=0.995408
INFO:root:Epoch[28] Batch [20]	Speed: 1.58 samples/sec	dice-coef=0.996487
INFO:root:Epoch[28] Batch [40]	Speed: 1.58 samples/sec	dice-coef=0.996708
INFO:root:Epoch[28] Batch [60]	Speed: 1.58 samples/sec	dice-coef=0.996628
INFO:root:Epoch[28] Batch [80]	Speed: 1.58 samples/sec	dice-coef=0.996761
INFO:root:Epoch[28] Batch [100]	Speed: 1.58 samples/sec	dice-coef=0.996838
INFO:root:Epoch[28] Batch [120]	Speed: 1.58 samples/sec	dice-coef=0.996693
INFO:root:Epoch[28] Batch [140]	Speed: 1.58 samples/sec	dice-coef=0.996602
INFO:root:Epoch[28] Batch [160]	Speed: 1.58 samples/sec	dice-coef=0.996821
INFO:root:Epoch[28] Batch [180]	Speed: 1.58 samples/sec	dice-coef=0.996715
INFO:root:Epoch[28] Batch [200]	Speed: 1.58 samples/sec	dice-coef=0.996615
INFO:root:Epoch[28] Batch [220]	Speed: 1.58 samples/sec	dice-coef=0.996664
INFO:root:Epoch[28] Batch [240]	Speed: 1.58 samples/sec	dice-coef=0.996583
INFO:root:Epoch[28] Batch [260]	Speed: 1.58 samples/sec	dice-coef=0.996675
INFO:root:Epoch[28] Batch [280]	Speed: 1.58 samples/sec	dice-coef=0.996643
INFO:root:Epoch[28] Batch [300]	Speed: 1.58 samples/sec	dice-coef=0.996733
INFO:root:Epoch[28] Batch [320]	Speed: 1.58 samples/sec	dice-coef=0.996698
INFO:root:Epoch[28] Batch [340]	Speed: 1.58 samples/sec	dice-coef=0.996718
INFO:root:Epoch[28] Batch [360]	Speed: 1.58 samples/sec	dice-coef=0.996871
INFO:root:Epoch[28] Batch [380]	Speed: 1.58 samples/sec	dice-coef=0.996409
INFO:root:Epoch[28] Batch [400]	Speed: 1.58 samples/sec	dice-coef=0.996681
INFO:root:Epoch[28] Batch [420]	Speed: 1.58 samples/sec	dice-coef=0.996723
INFO:root:Epoch[28] Batch [440]	Speed: 1.58 samples/sec	dice-coef=0.996867
INFO:root:Epoch[28] Batch [460]	Speed: 1.58 samples/sec	dice-coef=0.996896
INFO:root:Epoch[28] Batch [480]	Speed: 1.58 samples/sec	dice-coef=0.996810
INFO:root:Epoch[28] Batch [500]	Speed: 1.58 samples/sec	dice-coef=0.996842
INFO:root:Epoch[28] Batch [520]	Speed: 1.58 samples/sec	dice-coef=0.996850
INFO:root:Epoch[28] Batch [540]	Speed: 1.58 samples/sec	dice-coef=0.996905
INFO:root:Epoch[28] Batch [560]	Speed: 1.58 samples/sec	dice-coef=0.996897
INFO:root:Epoch[28] Train-dice-coef=0.996838
INFO:root:Epoch[28] Time cost=2911.532
INFO:root:Saved checkpoint to "DeeplabV3-ResNeXt-152L64X1D4XP-0029.params"
INFO:root:Epoch[28] Validation-dice-coef=0.995785
INFO:root:Epoch[29] Batch [20]	Speed: 1.58 samples/sec	dice-coef=0.996854
INFO:root:Epoch[29] Batch [40]	Speed: 1.58 samples/sec	dice-coef=0.996779
INFO:root:Epoch[29] Batch [60]	Speed: 1.58 samples/sec	dice-coef=0.996846
INFO:root:Epoch[29] Batch [80]	Speed: 1.58 samples/sec	dice-coef=0.996897
INFO:root:Epoch[29] Batch [100]	Speed: 1.58 samples/sec	dice-coef=0.996847
INFO:root:Epoch[29] Batch [120]	Speed: 1.58 samples/sec	dice-coef=0.996845
INFO:root:Epoch[29] Batch [140]	Speed: 1.58 samples/sec	dice-coef=0.996839
INFO:root:Epoch[29] Batch [160]	Speed: 1.58 samples/sec	dice-coef=0.996887
INFO:root:Epoch[29] Batch [180]	Speed: 1.58 samples/sec	dice-coef=0.996927
INFO:root:Epoch[29] Batch [200]	Speed: 1.58 samples/sec	dice-coef=0.996733
INFO:root:Epoch[29] Batch [220]	Speed: 1.58 samples/sec	dice-coef=0.996889
INFO:root:Epoch[29] Batch [240]	Speed: 1.58 samples/sec	dice-coef=0.996486
INFO:root:Epoch[29] Batch [260]	Speed: 1.58 samples/sec	dice-coef=0.996604
INFO:root:Epoch[29] Batch [280]	Speed: 1.58 samples/sec	dice-coef=0.996901
INFO:root:Epoch[29] Batch [300]	Speed: 1.58 samples/sec	dice-coef=0.996700
INFO:root:Epoch[29] Batch [320]	Speed: 1.58 samples/sec	dice-coef=0.996982
INFO:root:Epoch[29] Batch [340]	Speed: 1.58 samples/sec	dice-coef=0.997002
INFO:root:Epoch[29] Batch [360]	Speed: 1.58 samples/sec	dice-coef=0.996704
INFO:root:Epoch[29] Batch [380]	Speed: 1.58 samples/sec	dice-coef=0.996340
INFO:root:Epoch[29] Batch [400]	Speed: 1.58 samples/sec	dice-coef=0.996561
INFO:root:Epoch[29] Batch [420]	Speed: 1.58 samples/sec	dice-coef=0.996389
INFO:root:Epoch[29] Batch [440]	Speed: 1.58 samples/sec	dice-coef=0.996450
INFO:root:Epoch[29] Batch [460]	Speed: 1.58 samples/sec	dice-coef=0.996739
INFO:root:Epoch[29] Batch [480]	Speed: 1.58 samples/sec	dice-coef=0.996842
INFO:root:Epoch[29] Batch [500]	Speed: 1.58 samples/sec	dice-coef=0.996746
INFO:root:Epoch[29] Batch [520]	Speed: 1.58 samples/sec	dice-coef=0.996767
INFO:root:Epoch[29] Batch [540]	Speed: 1.58 samples/sec	dice-coef=0.996829
INFO:root:Epoch[29] Batch [560]	Speed: 1.58 samples/sec	dice-coef=0.996779
INFO:root:Epoch[29] Train-dice-coef=0.996992
INFO:root:Epoch[29] Time cost=2911.343
INFO:root:Saved checkpoint to "DeeplabV3-ResNeXt-152L64X1D4XP-0030.params"
INFO:root:Epoch[29] Validation-dice-coef=0.996127
INFO:root:Epoch[30] Batch [20]	Speed: 1.58 samples/sec	dice-coef=0.996955
INFO:root:Epoch[30] Batch [40]	Speed: 1.58 samples/sec	dice-coef=0.997025
INFO:root:Epoch[30] Batch [60]	Speed: 1.58 samples/sec	dice-coef=0.996780
INFO:root:Epoch[30] Batch [80]	Speed: 1.58 samples/sec	dice-coef=0.996957
INFO:root:Epoch[30] Batch [100]	Speed: 1.58 samples/sec	dice-coef=0.996819
INFO:root:Epoch[30] Batch [120]	Speed: 1.58 samples/sec	dice-coef=0.996967
INFO:root:Epoch[30] Batch [140]	Speed: 1.58 samples/sec	dice-coef=0.996796
INFO:root:Epoch[30] Batch [160]	Speed: 1.58 samples/sec	dice-coef=0.996942
INFO:root:Epoch[30] Batch [180]	Speed: 1.58 samples/sec	dice-coef=0.996676
INFO:root:Epoch[30] Batch [200]	Speed: 1.58 samples/sec	dice-coef=0.996475
INFO:root:Epoch[30] Batch [220]	Speed: 1.58 samples/sec	dice-coef=0.996814
INFO:root:Epoch[30] Batch [240]	Speed: 1.60 samples/sec	dice-coef=0.996784
INFO:root:Epoch[30] Batch [260]	Speed: 1.56 samples/sec	dice-coef=0.996781
INFO:root:Epoch[30] Batch [280]	Speed: 1.58 samples/sec	dice-coef=0.996674
INFO:root:Epoch[30] Batch [300]	Speed: 1.58 samples/sec	dice-coef=0.996780
INFO:root:Epoch[30] Batch [320]	Speed: 1.58 samples/sec	dice-coef=0.996694
INFO:root:Epoch[30] Batch [340]	Speed: 1.58 samples/sec	dice-coef=0.996621
INFO:root:Epoch[30] Batch [360]	Speed: 1.58 samples/sec	dice-coef=0.996763
INFO:root:Epoch[30] Batch [380]	Speed: 1.58 samples/sec	dice-coef=0.996902
INFO:root:Epoch[30] Batch [400]	Speed: 1.58 samples/sec	dice-coef=0.996811
INFO:root:Epoch[30] Batch [420]	Speed: 1.58 samples/sec	dice-coef=0.996869
INFO:root:Epoch[30] Batch [440]	Speed: 1.58 samples/sec	dice-coef=0.996906
INFO:root:Epoch[30] Batch [460]	Speed: 1.58 samples/sec	dice-coef=0.996567
INFO:root:Epoch[30] Batch [480]	Speed: 1.58 samples/sec	dice-coef=0.996554
INFO:root:Epoch[30] Batch [500]	Speed: 1.58 samples/sec	dice-coef=0.996155
INFO:root:Epoch[30] Batch [520]	Speed: 1.58 samples/sec	dice-coef=0.996400
INFO:root:Epoch[30] Batch [540]	Speed: 1.58 samples/sec	dice-coef=0.996666
INFO:root:Epoch[30] Batch [560]	Speed: 1.58 samples/sec	dice-coef=0.996807
INFO:root:Epoch[30] Train-dice-coef=0.996433
INFO:root:Epoch[30] Time cost=2911.358
INFO:root:Saved checkpoint to "DeeplabV3-ResNeXt-152L64X1D4XP-0031.params"
INFO:root:Epoch[30] Validation-dice-coef=0.994571
INFO:root:Epoch[31] Batch [20]	Speed: 1.58 samples/sec	dice-coef=0.996715
INFO:root:Epoch[31] Batch [40]	Speed: 1.58 samples/sec	dice-coef=0.996716
INFO:root:Epoch[31] Batch [60]	Speed: 1.58 samples/sec	dice-coef=0.996546
INFO:root:Epoch[31] Batch [80]	Speed: 1.58 samples/sec	dice-coef=0.996710
INFO:root:Epoch[31] Batch [100]	Speed: 1.58 samples/sec	dice-coef=0.996919
INFO:root:Epoch[31] Batch [120]	Speed: 1.58 samples/sec	dice-coef=0.996895
INFO:root:Epoch[31] Batch [140]	Speed: 1.58 samples/sec	dice-coef=0.996801
INFO:root:Epoch[31] Batch [160]	Speed: 1.58 samples/sec	dice-coef=0.996837
INFO:root:Epoch[31] Batch [180]	Speed: 1.58 samples/sec	dice-coef=0.996774
INFO:root:Epoch[31] Batch [200]	Speed: 1.58 samples/sec	dice-coef=0.996807
INFO:root:Epoch[31] Batch [220]	Speed: 1.58 samples/sec	dice-coef=0.996786
INFO:root:Epoch[31] Batch [240]	Speed: 1.58 samples/sec	dice-coef=0.996674
INFO:root:Epoch[31] Batch [260]	Speed: 1.58 samples/sec	dice-coef=0.996492
INFO:root:Epoch[31] Batch [280]	Speed: 1.58 samples/sec	dice-coef=0.996764
INFO:root:Epoch[31] Batch [300]	Speed: 1.58 samples/sec	dice-coef=0.996751
INFO:root:Epoch[31] Batch [320]	Speed: 1.58 samples/sec	dice-coef=0.996790
INFO:root:Epoch[31] Batch [340]	Speed: 1.58 samples/sec	dice-coef=0.996790
INFO:root:Epoch[31] Batch [360]	Speed: 1.58 samples/sec	dice-coef=0.997062
INFO:root:Epoch[31] Batch [380]	Speed: 1.58 samples/sec	dice-coef=0.996772
INFO:root:Epoch[31] Batch [400]	Speed: 1.58 samples/sec	dice-coef=0.996952
INFO:root:Epoch[31] Batch [420]	Speed: 1.58 samples/sec	dice-coef=0.996843
INFO:root:Epoch[31] Batch [440]	Speed: 1.58 samples/sec	dice-coef=0.996892
INFO:root:Epoch[31] Batch [460]	Speed: 1.58 samples/sec	dice-coef=0.996836
INFO:root:Epoch[31] Batch [480]	Speed: 1.58 samples/sec	dice-coef=0.996699
INFO:root:Epoch[31] Batch [500]	Speed: 1.58 samples/sec	dice-coef=0.996646
INFO:root:Epoch[31] Batch [520]	Speed: 1.58 samples/sec	dice-coef=0.997024
INFO:root:Epoch[31] Batch [540]	Speed: 1.58 samples/sec	dice-coef=0.996774
INFO:root:Epoch[31] Batch [560]	Speed: 1.58 samples/sec	dice-coef=0.996788
INFO:root:Epoch[31] Train-dice-coef=0.996818
INFO:root:Epoch[31] Time cost=2911.363
INFO:root:Saved checkpoint to "DeeplabV3-ResNeXt-152L64X1D4XP-0032.params"
INFO:root:Epoch[31] Validation-dice-coef=0.996030
INFO:root:Epoch[32] Batch [20]	Speed: 1.58 samples/sec	dice-coef=0.996927
INFO:root:Epoch[32] Batch [40]	Speed: 1.58 samples/sec	dice-coef=0.997091
INFO:root:Epoch[32] Batch [60]	Speed: 1.58 samples/sec	dice-coef=0.996990
INFO:root:Epoch[32] Batch [80]	Speed: 1.58 samples/sec	dice-coef=0.996987
INFO:root:Epoch[32] Batch [100]	Speed: 1.58 samples/sec	dice-coef=0.996720
INFO:root:Epoch[32] Batch [120]	Speed: 1.58 samples/sec	dice-coef=0.996878
INFO:root:Epoch[32] Batch [140]	Speed: 1.58 samples/sec	dice-coef=0.996739
INFO:root:Epoch[32] Batch [160]	Speed: 1.58 samples/sec	dice-coef=0.996777
INFO:root:Epoch[32] Batch [180]	Speed: 1.58 samples/sec	dice-coef=0.996990
INFO:root:Epoch[32] Batch [200]	Speed: 1.58 samples/sec	dice-coef=0.996942
INFO:root:Epoch[32] Batch [220]	Speed: 1.58 samples/sec	dice-coef=0.996880
INFO:root:Epoch[32] Batch [240]	Speed: 1.58 samples/sec	dice-coef=0.996689
INFO:root:Epoch[32] Batch [260]	Speed: 1.58 samples/sec	dice-coef=0.996880
INFO:root:Epoch[32] Batch [280]	Speed: 1.58 samples/sec	dice-coef=0.996917
INFO:root:Epoch[32] Batch [300]	Speed: 1.58 samples/sec	dice-coef=0.996796
INFO:root:Epoch[32] Batch [320]	Speed: 1.58 samples/sec	dice-coef=0.996837
INFO:root:Epoch[32] Batch [340]	Speed: 1.58 samples/sec	dice-coef=0.996712
INFO:root:Epoch[32] Batch [360]	Speed: 1.58 samples/sec	dice-coef=0.996849
INFO:root:Epoch[32] Batch [380]	Speed: 1.58 samples/sec	dice-coef=0.996918
INFO:root:Epoch[32] Batch [400]	Speed: 1.58 samples/sec	dice-coef=0.996883
INFO:root:Epoch[32] Batch [420]	Speed: 1.58 samples/sec	dice-coef=0.996644
INFO:root:Epoch[32] Batch [440]	Speed: 1.58 samples/sec	dice-coef=0.996553
INFO:root:Epoch[32] Batch [460]	Speed: 1.58 samples/sec	dice-coef=0.996711
INFO:root:Epoch[32] Batch [480]	Speed: 1.58 samples/sec	dice-coef=0.996653
INFO:root:Epoch[32] Batch [500]	Speed: 1.58 samples/sec	dice-coef=0.996587
INFO:root:Epoch[32] Batch [520]	Speed: 1.58 samples/sec	dice-coef=0.996746
INFO:root:Epoch[32] Batch [540]	Speed: 1.58 samples/sec	dice-coef=0.996778
INFO:root:Epoch[32] Batch [560]	Speed: 1.58 samples/sec	dice-coef=0.996903
INFO:root:Epoch[32] Train-dice-coef=0.996869
INFO:root:Epoch[32] Time cost=2911.280
INFO:root:Saved checkpoint to "DeeplabV3-ResNeXt-152L64X1D4XP-0033.params"
INFO:root:Epoch[32] Validation-dice-coef=0.995757
INFO:root:Epoch[33] Batch [20]	Speed: 1.58 samples/sec	dice-coef=0.996908
INFO:root:Epoch[33] Batch [40]	Speed: 1.58 samples/sec	dice-coef=0.996859
INFO:root:Epoch[33] Batch [60]	Speed: 1.58 samples/sec	dice-coef=0.996872
INFO:root:Epoch[33] Batch [80]	Speed: 1.58 samples/sec	dice-coef=0.996831
INFO:root:Epoch[33] Batch [100]	Speed: 1.58 samples/sec	dice-coef=0.996751
INFO:root:Epoch[33] Batch [120]	Speed: 1.58 samples/sec	dice-coef=0.996965
INFO:root:Epoch[33] Batch [140]	Speed: 1.58 samples/sec	dice-coef=0.997003
INFO:root:Epoch[33] Batch [160]	Speed: 1.58 samples/sec	dice-coef=0.996841
INFO:root:Epoch[33] Batch [180]	Speed: 1.58 samples/sec	dice-coef=0.996871
INFO:root:Epoch[33] Batch [200]	Speed: 1.58 samples/sec	dice-coef=0.996798
INFO:root:Epoch[33] Batch [220]	Speed: 1.58 samples/sec	dice-coef=0.996872
INFO:root:Epoch[33] Batch [240]	Speed: 1.58 samples/sec	dice-coef=0.996839
INFO:root:Epoch[33] Batch [260]	Speed: 1.58 samples/sec	dice-coef=0.997048
INFO:root:Epoch[33] Batch [280]	Speed: 1.60 samples/sec	dice-coef=0.997016
INFO:root:Epoch[33] Batch [300]	Speed: 1.56 samples/sec	dice-coef=0.997009
INFO:root:Epoch[33] Batch [320]	Speed: 1.58 samples/sec	dice-coef=0.996853
INFO:root:Epoch[33] Batch [340]	Speed: 1.58 samples/sec	dice-coef=0.996863
INFO:root:Epoch[33] Batch [360]	Speed: 1.58 samples/sec	dice-coef=0.996812
INFO:root:Epoch[33] Batch [380]	Speed: 1.58 samples/sec	dice-coef=0.996634
INFO:root:Epoch[33] Batch [400]	Speed: 1.58 samples/sec	dice-coef=0.996667
INFO:root:Epoch[33] Batch [420]	Speed: 1.58 samples/sec	dice-coef=0.996795
INFO:root:Epoch[33] Batch [440]	Speed: 1.58 samples/sec	dice-coef=0.996818
INFO:root:Epoch[33] Batch [460]	Speed: 1.58 samples/sec	dice-coef=0.996439
INFO:root:Epoch[33] Batch [480]	Speed: 1.58 samples/sec	dice-coef=0.996658
INFO:root:Epoch[33] Batch [500]	Speed: 1.58 samples/sec	dice-coef=0.996608
INFO:root:Epoch[33] Batch [520]	Speed: 1.58 samples/sec	dice-coef=0.996745
INFO:root:Epoch[33] Batch [540]	Speed: 1.58 samples/sec	dice-coef=0.996448
INFO:root:Epoch[33] Batch [560]	Speed: 1.58 samples/sec	dice-coef=0.996481
INFO:root:Epoch[33] Train-dice-coef=0.996823
INFO:root:Epoch[33] Time cost=2911.696
INFO:root:Saved checkpoint to "DeeplabV3-ResNeXt-152L64X1D4XP-0034.params"
INFO:root:Epoch[33] Validation-dice-coef=0.995806
INFO:root:Epoch[34] Batch [20]	Speed: 1.58 samples/sec	dice-coef=0.996966
INFO:root:Epoch[34] Batch [40]	Speed: 1.58 samples/sec	dice-coef=0.996874
INFO:root:Epoch[34] Batch [60]	Speed: 1.58 samples/sec	dice-coef=0.997033
INFO:root:Epoch[34] Batch [80]	Speed: 1.58 samples/sec	dice-coef=0.996806
INFO:root:Epoch[34] Batch [100]	Speed: 1.58 samples/sec	dice-coef=0.996935
INFO:root:Epoch[34] Batch [120]	Speed: 1.58 samples/sec	dice-coef=0.996813
INFO:root:Epoch[34] Batch [140]	Speed: 1.58 samples/sec	dice-coef=0.996887
INFO:root:Epoch[34] Batch [160]	Speed: 1.58 samples/sec	dice-coef=0.996309
INFO:root:Epoch[34] Batch [180]	Speed: 1.58 samples/sec	dice-coef=0.996118
INFO:root:Epoch[34] Batch [200]	Speed: 1.58 samples/sec	dice-coef=0.996215
INFO:root:Epoch[34] Batch [220]	Speed: 1.58 samples/sec	dice-coef=0.996411
INFO:root:Epoch[34] Batch [240]	Speed: 1.58 samples/sec	dice-coef=0.996836
INFO:root:Epoch[34] Batch [260]	Speed: 1.58 samples/sec	dice-coef=0.994274
INFO:root:Epoch[34] Batch [280]	Speed: 1.58 samples/sec	dice-coef=0.983230
INFO:root:Epoch[34] Batch [300]	Speed: 1.58 samples/sec	dice-coef=0.983205
INFO:root:Epoch[34] Batch [320]	Speed: 1.58 samples/sec	dice-coef=0.988357
INFO:root:Epoch[34] Batch [340]	Speed: 1.58 samples/sec	dice-coef=0.992852
INFO:root:Epoch[34] Batch [360]	Speed: 1.58 samples/sec	dice-coef=0.993977
INFO:root:Epoch[34] Batch [380]	Speed: 1.58 samples/sec	dice-coef=0.994554
INFO:root:Epoch[34] Batch [400]	Speed: 1.58 samples/sec	dice-coef=0.995102
INFO:root:Epoch[34] Batch [420]	Speed: 1.58 samples/sec	dice-coef=0.995564
INFO:root:Epoch[34] Batch [440]	Speed: 1.58 samples/sec	dice-coef=0.995646
INFO:root:Epoch[34] Batch [460]	Speed: 1.58 samples/sec	dice-coef=0.995752
INFO:root:Epoch[34] Batch [480]	Speed: 1.58 samples/sec	dice-coef=0.995860
INFO:root:Epoch[34] Batch [500]	Speed: 1.58 samples/sec	dice-coef=0.995844
INFO:root:Epoch[34] Batch [520]	Speed: 1.58 samples/sec	dice-coef=0.996079
INFO:root:Epoch[34] Batch [540]	Speed: 1.58 samples/sec	dice-coef=0.996170
INFO:root:Epoch[34] Batch [560]	Speed: 1.58 samples/sec	dice-coef=0.996105
INFO:root:Epoch[34] Train-dice-coef=0.995595
INFO:root:Epoch[34] Time cost=2911.504
INFO:root:Saved checkpoint to "DeeplabV3-ResNeXt-152L64X1D4XP-0035.params"
INFO:root:Epoch[34] Validation-dice-coef=0.990010
INFO:root:Epoch[35] Batch [20]	Speed: 1.58 samples/sec	dice-coef=0.995704
INFO:root:Epoch[35] Batch [40]	Speed: 1.58 samples/sec	dice-coef=0.995822
INFO:root:Epoch[35] Batch [60]	Speed: 1.58 samples/sec	dice-coef=0.996081
INFO:root:Epoch[35] Batch [80]	Speed: 1.58 samples/sec	dice-coef=0.996375
INFO:root:Epoch[35] Batch [100]	Speed: 1.58 samples/sec	dice-coef=0.996476
INFO:root:Epoch[35] Batch [120]	Speed: 1.58 samples/sec	dice-coef=0.996344
INFO:root:Epoch[35] Batch [140]	Speed: 1.58 samples/sec	dice-coef=0.996350
INFO:root:Epoch[35] Batch [160]	Speed: 1.58 samples/sec	dice-coef=0.996266
INFO:root:Epoch[35] Batch [180]	Speed: 1.58 samples/sec	dice-coef=0.996092
INFO:root:Epoch[35] Batch [200]	Speed: 1.58 samples/sec	dice-coef=0.996569
INFO:root:Epoch[35] Batch [220]	Speed: 1.58 samples/sec	dice-coef=0.996631
INFO:root:Epoch[35] Batch [240]	Speed: 1.58 samples/sec	dice-coef=0.996739
INFO:root:Epoch[35] Batch [260]	Speed: 1.58 samples/sec	dice-coef=0.996273
INFO:root:Epoch[35] Batch [280]	Speed: 1.58 samples/sec	dice-coef=0.996475
INFO:root:Epoch[35] Batch [300]	Speed: 1.58 samples/sec	dice-coef=0.996507
INFO:root:Epoch[35] Batch [320]	Speed: 1.58 samples/sec	dice-coef=0.996164
INFO:root:Epoch[35] Batch [340]	Speed: 1.58 samples/sec	dice-coef=0.995958
INFO:root:Epoch[35] Batch [360]	Speed: 1.58 samples/sec	dice-coef=0.996328
INFO:root:Epoch[35] Batch [380]	Speed: 1.58 samples/sec	dice-coef=0.996214
INFO:root:Epoch[35] Batch [400]	Speed: 1.58 samples/sec	dice-coef=0.996052
INFO:root:Epoch[35] Batch [420]	Speed: 1.58 samples/sec	dice-coef=0.996095
INFO:root:Epoch[35] Batch [440]	Speed: 1.58 samples/sec	dice-coef=0.996322
INFO:root:Epoch[35] Batch [460]	Speed: 1.58 samples/sec	dice-coef=0.996563
INFO:root:Epoch[35] Batch [480]	Speed: 1.58 samples/sec	dice-coef=0.996723
INFO:root:Epoch[35] Batch [500]	Speed: 1.58 samples/sec	dice-coef=0.996427
INFO:root:Epoch[35] Batch [520]	Speed: 1.58 samples/sec	dice-coef=0.996520
INFO:root:Epoch[35] Batch [540]	Speed: 1.58 samples/sec	dice-coef=0.996658
INFO:root:Epoch[35] Batch [560]	Speed: 1.58 samples/sec	dice-coef=0.996620
INFO:root:Epoch[35] Train-dice-coef=0.996735
INFO:root:Epoch[35] Time cost=2911.255
INFO:root:Saved checkpoint to "DeeplabV3-ResNeXt-152L64X1D4XP-0036.params"
INFO:root:Epoch[35] Validation-dice-coef=0.995707
INFO:root:Epoch[36] Batch [20]	Speed: 1.58 samples/sec	dice-coef=0.996814
INFO:root:Epoch[36] Batch [40]	Speed: 1.58 samples/sec	dice-coef=0.996717
INFO:root:Epoch[36] Batch [60]	Speed: 1.58 samples/sec	dice-coef=0.996335
INFO:root:Epoch[36] Batch [80]	Speed: 1.58 samples/sec	dice-coef=0.996080
INFO:root:Epoch[36] Batch [100]	Speed: 1.58 samples/sec	dice-coef=0.996430
INFO:root:Epoch[36] Batch [120]	Speed: 1.58 samples/sec	dice-coef=0.996695
INFO:root:Epoch[36] Batch [140]	Speed: 1.58 samples/sec	dice-coef=0.996643
INFO:root:Epoch[36] Batch [160]	Speed: 1.58 samples/sec	dice-coef=0.996933
INFO:root:Epoch[36] Batch [180]	Speed: 1.58 samples/sec	dice-coef=0.996589
INFO:root:Epoch[36] Batch [200]	Speed: 1.58 samples/sec	dice-coef=0.996682
INFO:root:Epoch[36] Batch [220]	Speed: 1.58 samples/sec	dice-coef=0.996600
INFO:root:Epoch[36] Batch [240]	Speed: 1.58 samples/sec	dice-coef=0.996632
INFO:root:Epoch[36] Batch [260]	Speed: 1.58 samples/sec	dice-coef=0.996851
INFO:root:Epoch[36] Batch [280]	Speed: 1.58 samples/sec	dice-coef=0.996890
INFO:root:Epoch[36] Batch [300]	Speed: 1.58 samples/sec	dice-coef=0.996766
INFO:root:Epoch[36] Batch [320]	Speed: 1.58 samples/sec	dice-coef=0.996683
INFO:root:Epoch[36] Batch [340]	Speed: 1.58 samples/sec	dice-coef=0.996805
INFO:root:Epoch[36] Batch [360]	Speed: 1.58 samples/sec	dice-coef=0.996765
INFO:root:Epoch[36] Batch [380]	Speed: 1.58 samples/sec	dice-coef=0.996705
INFO:root:Epoch[36] Batch [400]	Speed: 1.58 samples/sec	dice-coef=0.996754
INFO:root:Epoch[36] Batch [420]	Speed: 1.58 samples/sec	dice-coef=0.996808
INFO:root:Epoch[36] Batch [440]	Speed: 1.58 samples/sec	dice-coef=0.996596
INFO:root:Epoch[36] Batch [460]	Speed: 1.58 samples/sec	dice-coef=0.996703
INFO:root:Epoch[36] Batch [480]	Speed: 1.58 samples/sec	dice-coef=0.996583
INFO:root:Epoch[36] Batch [500]	Speed: 1.58 samples/sec	dice-coef=0.996831
INFO:root:Epoch[36] Batch [520]	Speed: 1.58 samples/sec	dice-coef=0.996643
INFO:root:Epoch[36] Batch [540]	Speed: 1.58 samples/sec	dice-coef=0.996490
INFO:root:Epoch[36] Batch [560]	Speed: 1.60 samples/sec	dice-coef=0.996659
INFO:root:Epoch[36] Train-dice-coef=0.996515
INFO:root:Epoch[36] Time cost=2911.699
INFO:root:Saved checkpoint to "DeeplabV3-ResNeXt-152L64X1D4XP-0037.params"
INFO:root:Epoch[36] Validation-dice-coef=0.994844
INFO:root:Epoch[37] Batch [20]	Speed: 1.58 samples/sec	dice-coef=0.996675
INFO:root:Epoch[37] Batch [40]	Speed: 1.58 samples/sec	dice-coef=0.996894
INFO:root:Epoch[37] Batch [60]	Speed: 1.58 samples/sec	dice-coef=0.996888
INFO:root:Epoch[37] Batch [80]	Speed: 1.58 samples/sec	dice-coef=0.996915
INFO:root:Epoch[37] Batch [100]	Speed: 1.58 samples/sec	dice-coef=0.996918
INFO:root:Epoch[37] Batch [120]	Speed: 1.58 samples/sec	dice-coef=0.996809
INFO:root:Epoch[37] Batch [140]	Speed: 1.58 samples/sec	dice-coef=0.996656
INFO:root:Epoch[37] Batch [160]	Speed: 1.58 samples/sec	dice-coef=0.996627
INFO:root:Epoch[37] Batch [180]	Speed: 1.58 samples/sec	dice-coef=0.996760
INFO:root:Epoch[37] Batch [200]	Speed: 1.60 samples/sec	dice-coef=0.996843
INFO:root:Epoch[37] Batch [220]	Speed: 1.56 samples/sec	dice-coef=0.996808
INFO:root:Epoch[37] Batch [240]	Speed: 1.58 samples/sec	dice-coef=0.996966
INFO:root:Epoch[37] Batch [260]	Speed: 1.58 samples/sec	dice-coef=0.996757
INFO:root:Epoch[37] Batch [280]	Speed: 1.58 samples/sec	dice-coef=0.996770
INFO:root:Epoch[37] Batch [300]	Speed: 1.58 samples/sec	dice-coef=0.996672
INFO:root:Epoch[37] Batch [320]	Speed: 1.58 samples/sec	dice-coef=0.996683
INFO:root:Epoch[37] Batch [340]	Speed: 1.58 samples/sec	dice-coef=0.996829
INFO:root:Epoch[37] Batch [360]	Speed: 1.58 samples/sec	dice-coef=0.996829
INFO:root:Epoch[37] Batch [380]	Speed: 1.58 samples/sec	dice-coef=0.996806
INFO:root:Epoch[37] Batch [400]	Speed: 1.58 samples/sec	dice-coef=0.996869
INFO:root:Epoch[37] Batch [420]	Speed: 1.58 samples/sec	dice-coef=0.996791
INFO:root:Epoch[37] Batch [440]	Speed: 1.58 samples/sec	dice-coef=0.996844
INFO:root:Epoch[37] Batch [460]	Speed: 1.58 samples/sec	dice-coef=0.996658
INFO:root:Epoch[37] Batch [480]	Speed: 1.58 samples/sec	dice-coef=0.996525
INFO:root:Epoch[37] Batch [500]	Speed: 1.58 samples/sec	dice-coef=0.996711
INFO:root:Epoch[37] Batch [520]	Speed: 1.58 samples/sec	dice-coef=0.996631
INFO:root:Epoch[37] Batch [540]	Speed: 1.58 samples/sec	dice-coef=0.996584
INFO:root:Epoch[37] Batch [560]	Speed: 1.58 samples/sec	dice-coef=0.996370
INFO:root:Epoch[37] Train-dice-coef=0.996687
INFO:root:Epoch[37] Time cost=2911.328
INFO:root:Saved checkpoint to "DeeplabV3-ResNeXt-152L64X1D4XP-0038.params"
INFO:root:Epoch[37] Validation-dice-coef=0.971333
INFO:root:Epoch[38] Batch [20]	Speed: 1.58 samples/sec	dice-coef=0.996458
INFO:root:Epoch[38] Batch [40]	Speed: 1.58 samples/sec	dice-coef=0.996629
INFO:root:Epoch[38] Batch [60]	Speed: 1.58 samples/sec	dice-coef=0.996794
INFO:root:Epoch[38] Batch [80]	Speed: 1.58 samples/sec	dice-coef=0.996717
INFO:root:Epoch[38] Batch [100]	Speed: 1.58 samples/sec	dice-coef=0.996832
INFO:root:Epoch[38] Batch [120]	Speed: 1.58 samples/sec	dice-coef=0.996849
INFO:root:Epoch[38] Batch [140]	Speed: 1.58 samples/sec	dice-coef=0.996901
INFO:root:Epoch[38] Batch [160]	Speed: 1.58 samples/sec	dice-coef=0.996739
INFO:root:Epoch[38] Batch [180]	Speed: 1.58 samples/sec	dice-coef=0.996708
INFO:root:Epoch[38] Batch [200]	Speed: 1.58 samples/sec	dice-coef=0.996765
INFO:root:Epoch[38] Batch [220]	Speed: 1.58 samples/sec	dice-coef=0.996927
INFO:root:Epoch[38] Batch [240]	Speed: 1.58 samples/sec	dice-coef=0.996763
INFO:root:Epoch[38] Batch [260]	Speed: 1.58 samples/sec	dice-coef=0.996817
INFO:root:Epoch[38] Batch [280]	Speed: 1.58 samples/sec	dice-coef=0.996417
INFO:root:Epoch[38] Batch [300]	Speed: 1.58 samples/sec	dice-coef=0.996835
INFO:root:Epoch[38] Batch [320]	Speed: 1.58 samples/sec	dice-coef=0.996543
INFO:root:Epoch[38] Batch [340]	Speed: 1.58 samples/sec	dice-coef=0.996774
INFO:root:Epoch[38] Batch [360]	Speed: 1.58 samples/sec	dice-coef=0.996497
INFO:root:Epoch[38] Batch [380]	Speed: 1.58 samples/sec	dice-coef=0.996837
INFO:root:Epoch[38] Batch [400]	Speed: 1.58 samples/sec	dice-coef=0.996929
INFO:root:Epoch[38] Batch [420]	Speed: 1.58 samples/sec	dice-coef=0.997067
INFO:root:Epoch[38] Batch [440]	Speed: 1.58 samples/sec	dice-coef=0.996951
INFO:root:Epoch[38] Batch [460]	Speed: 1.58 samples/sec	dice-coef=0.996743
INFO:root:Epoch[38] Batch [480]	Speed: 1.58 samples/sec	dice-coef=0.997032
INFO:root:Epoch[38] Batch [500]	Speed: 1.58 samples/sec	dice-coef=0.996905
INFO:root:Epoch[38] Batch [520]	Speed: 1.58 samples/sec	dice-coef=0.996788
INFO:root:Epoch[38] Batch [540]	Speed: 1.58 samples/sec	dice-coef=0.997006
INFO:root:Epoch[38] Batch [560]	Speed: 1.58 samples/sec	dice-coef=0.996937
INFO:root:Epoch[38] Train-dice-coef=0.996874
INFO:root:Epoch[38] Time cost=2911.507
INFO:root:Saved checkpoint to "DeeplabV3-ResNeXt-152L64X1D4XP-0039.params"
INFO:root:Epoch[38] Validation-dice-coef=0.995843
INFO:root:Epoch[39] Batch [20]	Speed: 1.58 samples/sec	dice-coef=0.996854
INFO:root:Epoch[39] Batch [40]	Speed: 1.58 samples/sec	dice-coef=0.997008
INFO:root:Epoch[39] Batch [60]	Speed: 1.58 samples/sec	dice-coef=0.996927
INFO:root:Epoch[39] Batch [80]	Speed: 1.58 samples/sec	dice-coef=0.996925
INFO:root:Epoch[39] Batch [100]	Speed: 1.58 samples/sec	dice-coef=0.997023
INFO:root:Epoch[39] Batch [120]	Speed: 1.58 samples/sec	dice-coef=0.996838
INFO:root:Epoch[39] Batch [140]	Speed: 1.58 samples/sec	dice-coef=0.996937
INFO:root:Epoch[39] Batch [160]	Speed: 1.58 samples/sec	dice-coef=0.996895
INFO:root:Epoch[39] Batch [180]	Speed: 1.58 samples/sec	dice-coef=0.996864
INFO:root:Epoch[39] Batch [200]	Speed: 1.58 samples/sec	dice-coef=0.996859
INFO:root:Epoch[39] Batch [220]	Speed: 1.58 samples/sec	dice-coef=0.996918
INFO:root:Epoch[39] Batch [240]	Speed: 1.58 samples/sec	dice-coef=0.996708
INFO:root:Epoch[39] Batch [260]	Speed: 1.58 samples/sec	dice-coef=0.996685
INFO:root:Epoch[39] Batch [280]	Speed: 1.58 samples/sec	dice-coef=0.996727
INFO:root:Epoch[39] Batch [300]	Speed: 1.58 samples/sec	dice-coef=0.996721
INFO:root:Epoch[39] Batch [320]	Speed: 1.58 samples/sec	dice-coef=0.996691
INFO:root:Epoch[39] Batch [340]	Speed: 1.58 samples/sec	dice-coef=0.996780
INFO:root:Epoch[39] Batch [360]	Speed: 1.58 samples/sec	dice-coef=0.996541
INFO:root:Epoch[39] Batch [380]	Speed: 1.58 samples/sec	dice-coef=0.996832
INFO:root:Epoch[39] Batch [400]	Speed: 1.58 samples/sec	dice-coef=0.996863
INFO:root:Epoch[39] Batch [420]	Speed: 1.58 samples/sec	dice-coef=0.996640
INFO:root:Epoch[39] Batch [440]	Speed: 1.58 samples/sec	dice-coef=0.996813
INFO:root:Epoch[39] Batch [460]	Speed: 1.58 samples/sec	dice-coef=0.996738
INFO:root:Epoch[39] Batch [480]	Speed: 1.58 samples/sec	dice-coef=0.996745
INFO:root:Epoch[39] Batch [500]	Speed: 1.58 samples/sec	dice-coef=0.997010
INFO:root:Epoch[39] Batch [520]	Speed: 1.58 samples/sec	dice-coef=0.996958
INFO:root:Epoch[39] Batch [540]	Speed: 1.58 samples/sec	dice-coef=0.996979
INFO:root:Epoch[39] Batch [560]	Speed: 1.58 samples/sec	dice-coef=0.996840
INFO:root:Epoch[39] Train-dice-coef=0.996759
INFO:root:Epoch[39] Time cost=2911.379
INFO:root:Saved checkpoint to "DeeplabV3-ResNeXt-152L64X1D4XP-0040.params"
INFO:root:Epoch[39] Validation-dice-coef=0.995554
INFO:root:Epoch[40] Batch [20]	Speed: 1.58 samples/sec	dice-coef=0.996832
INFO:root:Epoch[40] Batch [40]	Speed: 1.58 samples/sec	dice-coef=0.996914
INFO:root:Epoch[40] Batch [60]	Speed: 1.58 samples/sec	dice-coef=0.996898
INFO:root:Epoch[40] Batch [80]	Speed: 1.58 samples/sec	dice-coef=0.996844
INFO:root:Epoch[40] Batch [100]	Speed: 1.58 samples/sec	dice-coef=0.996848
INFO:root:Epoch[40] Batch [120]	Speed: 1.58 samples/sec	dice-coef=0.996911
INFO:root:Epoch[40] Batch [140]	Speed: 1.58 samples/sec	dice-coef=0.996929
INFO:root:Epoch[40] Batch [160]	Speed: 1.58 samples/sec	dice-coef=0.996827
INFO:root:Epoch[40] Batch [180]	Speed: 1.58 samples/sec	dice-coef=0.996526
INFO:root:Epoch[40] Batch [200]	Speed: 1.58 samples/sec	dice-coef=0.996856
INFO:root:Epoch[40] Batch [220]	Speed: 1.58 samples/sec	dice-coef=0.996875
INFO:root:Epoch[40] Batch [240]	Speed: 1.58 samples/sec	dice-coef=0.996760
INFO:root:Epoch[40] Batch [260]	Speed: 1.58 samples/sec	dice-coef=0.996855
INFO:root:Epoch[40] Batch [280]	Speed: 1.58 samples/sec	dice-coef=0.997056
INFO:root:Epoch[40] Batch [300]	Speed: 1.58 samples/sec	dice-coef=0.996760
INFO:root:Epoch[40] Batch [320]	Speed: 1.58 samples/sec	dice-coef=0.996889
INFO:root:Epoch[40] Batch [340]	Speed: 1.58 samples/sec	dice-coef=0.997052
INFO:root:Epoch[40] Batch [360]	Speed: 1.58 samples/sec	dice-coef=0.996842
INFO:root:Epoch[40] Batch [380]	Speed: 1.58 samples/sec	dice-coef=0.996970
INFO:root:Epoch[40] Batch [400]	Speed: 1.58 samples/sec	dice-coef=0.997056
INFO:root:Epoch[40] Batch [420]	Speed: 1.58 samples/sec	dice-coef=0.996960
